"../../../Engine/Content/EditorBlueprintResources/StandardMacros.uasset" 0
"../../../../../Projects/FG20 Gameproject 2/Content/FirstPersonCPP/Blueprints/BPI_Destructible.uasset" 1
"../../../../../Projects/FG20 Gameproject 2/Content/FirstPersonCPP/Blueprints/FleshCube/BPI_Meat.uasset" 2
"../../../../../Projects/FG20 Gameproject 2/Content/FirstPerson/Meshes/BaseMaterial.uasset" 3
"../../../../../Projects/FG20 Gameproject 2/Content/FirstPerson/Meshes/FirstPersonProjectileMaterial.uasset" 4
"../../../Engine/Content/Functions/Engine_MaterialFunctions01/Opacity/CameraDepthFade.uasset" 5
"../../../Engine/Content/EngineMaterials/T_Default_Material_Grid_M.uasset" 6
"../../../Engine/Content/EngineMaterials/T_Default_Material_Grid_N.uasset" 7
"../../../Engine/Content/EngineMaterials/WorldGridMaterial.uasset" 8
"../../../../../Projects/FG20 Gameproject 2/Content/FirstPersonCPP/Blueprints/FleshCube/SM_Face.uasset" 9
"../../../../../Projects/FG20 Gameproject 2/Content/FirstPersonCPP/Blueprints/FleshCube/BP_Face_Master.uasset" 10
"../../../Engine/Content/Functions/Engine_MaterialFunctions01/Texturing/FlattenNormal.uasset" 11
"../../../Engine/Content/Functions/Engine_MaterialFunctions02/Utility/BlendAngleCorrectedNormals.uasset" 12
"../../../Engine/Content/Functions/Engine_MaterialFunctions03/Procedurals/NormalFromHeightmap.uasset" 13
"../../../Engine/Content/EngineResources/DefaultTexture.uasset" 14
"../../../../../Projects/FG20 Gameproject 2/Content/FirstPerson/FX/Materials/M_clay/textures/T_splat_01_A.uasset" 15
"../../../../../Projects/FG20 Gameproject 2/Content/FirstPerson/Materials/M_clay/textures/T_ClayTest_N.uasset" 16
"../../../../../Projects/FG20 Gameproject 2/Content/FirstPerson/Materials/M_clay/textures/T_ClayTest_R.uasset" 17
"../../../../../Projects/FG20 Gameproject 2/Content/FirstPerson/FX/Materials/M_clay/materials/M_clayMasked_Master.uasset" 18
"../../../../../Projects/FG20 Gameproject 2/Content/FirstPerson/FX/Materials/M_clay/materials/MI_clayPoopMasked.uasset" 19
"../../../Engine/Content/BasicShapes/Plane.uasset" 20
"../../../../../Projects/FG20 Gameproject 2/Content/FirstPerson/FX/Blueprints/BP_FXSplatPlane.uasset" 21
"../../../../../Projects/FG20 Gameproject 2/Content/Unreal/StarterContent/Textures/T_Perlin_Noise_M.uasset" 22
"../../../../../Projects/FG20 Gameproject 2/Content/Unreal/StarterContent/Textures/T_Wood_Floor_Walnut_D.uasset" 23
"../../../../../Projects/FG20 Gameproject 2/Content/Unreal/StarterContent/Textures/T_Wood_Floor_Walnut_M.uasset" 24
"../../../../../Projects/FG20 Gameproject 2/Content/Unreal/StarterContent/Textures/T_Wood_Floor_Walnut_N.uasset" 25
"../../../../../Projects/FG20 Gameproject 2/Content/Unreal/StarterContent/Materials/M_Wood_Floor_Walnut_Polished.uasset" 26
"../../../../../Projects/FG20 Gameproject 2/Content/FirstPerson/FX/Materials/M_clay/materials/M_clayFX_master.uasset" 27
"../../../../../Projects/FG20 Gameproject 2/Content/FirstPerson/FX/Materials/M_clay/materials/MI_clayPoop.uasset" 28
"../../../../../Projects/FG20 Gameproject 2/Content/FirstPerson/FX/Meshes/S_FluidDrop.uasset" 29
"../../../../../Projects/FG20 Gameproject 2/Content/FirstPerson/FX/ParticleSystems/Poop/PS_PoopSplash.uasset" 30
"../../../../../Projects/FG20 Gameproject 2/Content/Unreal/StarterContent/Materials/M_Basic_Wall.uasset" 31
"../../../../../Projects/FG20 Gameproject 2/Content/Unreal/StarterContent/Shapes/Shape_Sphere.uasset" 32
"../../../../../Projects/FG20 Gameproject 2/Content/FirstPersonCPP/Blueprints/BP_Poop.uasset" 33
"../../../../../Projects/FG20 Gameproject 2/Content/FirstPersonCPP/Blueprints/BPI_Lockables.uasset" 34
"../../../../../Projects/FG20 Gameproject 2/Content/FirstPerson/Meshes/TempMeshes/CubeSides/S_CubeEar_01.uasset" 35
"../../../../../Projects/FG20 Gameproject 2/Content/FirstPersonCPP/Blueprints/FleshCube/BP_Face_Ear.uasset" 36
"../../../../../Projects/FG20 Gameproject 2/Content/Unreal/StarterContent/Materials/M_Glass.uasset" 37
"../../../Engine/Content/EngineMaterials/DefaultMaterial.uasset" 38
"../../../Engine/Content/BasicShapes/Sphere.uasset" 39
"../../../../../Projects/FG20 Gameproject 2/Content/FirstPersonCPP/Blueprints/BP_Tear.uasset" 40
"../../../../../Projects/FG20 Gameproject 2/Content/FirstPersonCPP/Blueprints/FleshCube/M_Snot.uasset" 41
"../../../../../Projects/FG20 Gameproject 2/Content/FirstPersonCPP/Blueprints/FleshCube/PM_Snot.uasset" 42
"../../../../../Projects/FG20 Gameproject 2/Content/FirstPersonCPP/Blueprints/FleshCube/MI_Snot.uasset" 43
"../../../../../Projects/FG20 Gameproject 2/Content/FirstPersonCPP/Blueprints/FleshCube/SM_SnotArea.uasset" 44
"../../../../../Projects/FG20 Gameproject 2/Content/FirstPersonCPP/Blueprints/FleshCube/BP_Snot.uasset" 45
"../../../../../Projects/FG20 Gameproject 2/Content/FirstPerson/Meshes/TempMeshes/CubeSides/S_CubeNose_01.uasset" 46
"../../../../../Projects/FG20 Gameproject 2/Content/FirstPersonCPP/Blueprints/FleshCube/BP_Face_Nose.uasset" 47
"../../../../../Projects/FG20 Gameproject 2/Content/FirstPersonCPP/Blueprints/FleshCube/BP_Face_Eye.uasset" 48
"../../../../../Projects/FG20 Gameproject 2/Content/FirstPerson/Meshes/TempMeshes/CubeSides/S_CubeMouth_01.uasset" 49
"../../../../../Projects/FG20 Gameproject 2/Content/FirstPersonCPP/Blueprints/FleshCube/BP_Face_Mouth.uasset" 50
"../../../../../Projects/FG20 Gameproject 2/Content/FirstPerson/FX/Meshes/S_SplashRing.uasset" 51
"../../../../../Projects/FG20 Gameproject 2/Content/FirstPerson/FX/ParticleSystems/Poop/PS_PoopProjectile.uasset" 52
"../../../../../Projects/FG20 Gameproject 2/Content/FirstPerson/Meshes/TempMeshes/CubeSides/S_CubeAss_01.uasset" 53
"../../../../../Projects/FG20 Gameproject 2/Content/FirstPersonCPP/Blueprints/FleshCube/BP_Face_Bum.uasset" 54
"../../../../../Projects/FG20 Gameproject 2/Content/FirstPersonCPP/Blueprints/BPI_Character.uasset" 55
"../../../../../Projects/FG20 Gameproject 2/Content/FirstPersonCPP/Blueprints/SM_Ladder.uasset" 56
"../../../../../Projects/FG20 Gameproject 2/Content/FirstPersonCPP/Blueprints/BP_Ladders.uasset" 57
"../../../../../Projects/FG20 Gameproject 2/Content/FirstPerson/Meshes/TempMeshes/CubeSides/S_CubeHair_01.uasset" 58
"../../../../../Projects/FG20 Gameproject 2/Content/FirstPersonCPP/Blueprints/FleshCube/BP_Face_Hair.uasset" 59
"../../../../../Projects/FG20 Gameproject 2/Content/FirstPersonCPP/Blueprints/FleshCube/M_Emissive.uasset" 60
"../../../../../Projects/FG20 Gameproject 2/Content/FirstPersonCPP/Blueprints/FleshCube/Enum_Faces.uasset" 61
"../../../../../Projects/FG20 Gameproject 2/Content/Unreal/Geometry/Meshes/CubeMaterial.uasset" 62
"../../../../../Projects/FG20 Gameproject 2/Content/Unreal/Geometry/Meshes/1M_Cube.uasset" 63
"../../../../../Projects/FG20 Gameproject 2/Content/FirstPersonCPP/Blueprints/FleshCube/BP_MeatBox.uasset" 64
"../../../../../Projects/FG20 Gameproject 2/Content/FirstPersonCPP/Blueprints/FleshCube/BPI_Faces.uasset" 65
"../../../../../Projects/FG20 Gameproject 2/Content/FirstPersonCPP/Blueprints/CPPFleshCube/BP_MouthFace.uasset" 66
"../../../../../Projects/FG20 Gameproject 2/Content/FleshCubeSides_Struct.uasset" 67
"../../../../../Projects/FG20 Gameproject 2/Content/DT_FleshCubeSideBlueprints.uasset" 68
"../../../../../Projects/FG20 Gameproject 2/Content/FirstPerson/test.uasset" 69
"../../../../../Projects/FG20 Gameproject 2/Content/FirstPerson/Character/Mesh/SK_Mannequin_Arms_Skeleton.uasset" 70
"../../../../../Projects/FG20 Gameproject 2/Content/FirstPerson/Animations/FirstPerson_Fire.uasset" 71
"../../../../../Projects/FG20 Gameproject 2/Content/FirstPerson/Animations/FirstPersonFire_Montage.uasset" 72
"../../../../../Projects/FG20 Gameproject 2/Content/FirstPerson/Audio/FirstPersonTemplateWeaponFire02.uasset" 73
"../../../../../Projects/FG20 Gameproject 2/Content/FirstPerson/Textures/TempTextures/PHIllustrations/TheCircleOfCube.uasset" 74
"../../../../../Projects/FG20 Gameproject 2/Content/FirstPerson/Materials/PrototypeMaterials/TooltipMaterial/M_CircleOfCube_Tooltip.uasset" 75
"../../../Engine/Content/BasicShapes/BasicShapeMaterial.uasset" 76
"../../../../../Projects/FG20 Gameproject 2/Content/FirstPerson/Meshes/TempMeshes/Misc/S_TooltipSign.uasset" 77
"../../../../../Projects/FG20 Gameproject 2/Content/FirstPerson/Blueprints/PrototypeBlueprints/Environment/BP_CircleOfCubeSign.uasset" 78
"../../../../../Projects/FG20 Gameproject 2/Content/FirstPerson/Character/Textures/UE4_LOGO_CARD.uasset" 79
"../../../../../Projects/FG20 Gameproject 2/Content/FirstPerson/FPWeapon/Materials/MaterialLayers/ML_Plastic_Shiny_Beige_LOGO.uasset" 80
"../../../../../Projects/FG20 Gameproject 2/Content/FirstPerson/FPWeapon/Materials/MaterialLayers/T_ML_FineRubber.uasset" 81
"../../../../../Projects/FG20 Gameproject 2/Content/FirstPerson/FPWeapon/Mesh/SK_FPGun_PhysicsAsset.uasset" 82
"../../../../../Projects/FG20 Gameproject 2/Content/FirstPerson/Animations/FirstPerson_Idle.uasset" 83
"../../../../../Projects/FG20 Gameproject 2/Content/FirstPerson/Animations/FirstPerson_JumpEnd.uasset" 84
"../../../../../Projects/FG20 Gameproject 2/Content/FirstPerson/Animations/FirstPerson_JumpLoop.uasset" 85
"../../../../../Projects/FG20 Gameproject 2/Content/FirstPerson/Animations/FirstPerson_JumpStart.uasset" 86
"../../../../../Projects/FG20 Gameproject 2/Content/FirstPerson/Animations/FirstPerson_Run.uasset" 87
"../../../../../Projects/FG20 Gameproject 2/Content/FirstPerson/Animations/FirstPerson_AnimBP.uasset" 88
"../../../Engine/Content/Functions/MaterialLayerFunctions/MatLayerBlend_NormalBlend.uasset" 89
"../../../Engine/Content/Functions/MaterialLayerFunctions/MatLayerBlend_Simple.uasset" 90
"../../../../../Projects/FG20 Gameproject 2/Content/FirstPerson/Character/Materials/MaterialLayers/T_ML_Rubber_Blue_01_D.uasset" 91
"../../../../../Projects/FG20 Gameproject 2/Content/FirstPerson/Character/Materials/MaterialLayers/T_ML_Rubber_Blue_01_N.uasset" 92
"../../../../../Projects/FG20 Gameproject 2/Content/FirstPerson/Character/Materials/MaterialLayers/ML_GlossyBlack_Latex_UE4.uasset" 93
"../../../../../Projects/FG20 Gameproject 2/Content/FirstPerson/Character/Materials/MaterialLayers/ML_Plastic_Shiny_Beige.uasset" 94
"../../../../../Projects/FG20 Gameproject 2/Content/FirstPerson/Character/Materials/MaterialLayers/ML_Plastic_Shiny_Beige_LOGO.uasset" 95
"../../../../../Projects/FG20 Gameproject 2/Content/FirstPerson/Character/Materials/MaterialLayers/T_ML_Aluminum01.uasset" 96
"../../../../../Projects/FG20 Gameproject 2/Content/FirstPerson/Character/Materials/MaterialLayers/T_ML_Aluminum01_N.uasset" 97
"../../../../../Projects/FG20 Gameproject 2/Content/FirstPerson/Character/Materials/MaterialLayers/ML_SoftMetal_UE4.uasset" 98
"../../../../../Projects/FG20 Gameproject 2/Content/FirstPerson/Character/Textures/UE4_Mannequin__normals.uasset" 99
"../../../../../Projects/FG20 Gameproject 2/Content/FirstPerson/Character/Textures/UE4_Mannequin_MAT_MASKA.uasset" 100
"../../../../../Projects/FG20 Gameproject 2/Content/FirstPerson/Character/Materials/M_UE4Man_Body.uasset" 101
"../../../../../Projects/FG20 Gameproject 2/Content/FirstPerson/Character/Mesh/SK_Mannequin_Arms_PhysicsAsset.uasset" 102
"../../../../../Projects/FG20 Gameproject 2/Content/FirstPerson/Character/Mesh/SK_Mannequin_Arms.uasset" 103
"../../../../../Projects/FG20 Gameproject 2/Content/FirstPerson/FPWeapon/Materials/MaterialLayers/T_ML_Rubber_Blue_01_D.uasset" 104
"../../../../../Projects/FG20 Gameproject 2/Content/FirstPerson/FPWeapon/Materials/MaterialLayers/T_ML_Rubber_Blue_01_N.uasset" 105
"../../../../../Projects/FG20 Gameproject 2/Content/FirstPerson/FPWeapon/Materials/MaterialLayers/ML_GlossyBlack_Latex_UE4.uasset" 106
"../../../../../Projects/FG20 Gameproject 2/Content/FirstPerson/FPWeapon/Materials/MaterialLayers/ML_Plastic_Shiny_Beige.uasset" 107
"../../../../../Projects/FG20 Gameproject 2/Content/FirstPerson/FPWeapon/Materials/MaterialLayers/ML_Screen.uasset" 108
"../../../../../Projects/FG20 Gameproject 2/Content/FirstPerson/FPWeapon/Materials/MaterialLayers/T_ML_Aluminum01.uasset" 109
"../../../../../Projects/FG20 Gameproject 2/Content/FirstPerson/FPWeapon/Materials/MaterialLayers/T_ML_Aluminum01_N.uasset" 110
"../../../../../Projects/FG20 Gameproject 2/Content/FirstPerson/FPWeapon/Materials/MaterialLayers/ML_SoftMetal_UE4.uasset" 111
"../../../../../Projects/FG20 Gameproject 2/Content/FirstPerson/FPWeapon/Textures/T_FPGun_M.uasset" 112
"../../../../../Projects/FG20 Gameproject 2/Content/FirstPerson/FPWeapon/Textures/T_FPGun_N.uasset" 113
"../../../../../Projects/FG20 Gameproject 2/Content/FirstPerson/FPWeapon/Materials/M_FPGun.uasset" 114
"../../../../../Projects/FG20 Gameproject 2/Content/FirstPerson/FPWeapon/Mesh/SK_FPGun_Skeleton.uasset" 115
"../../../../../Projects/FG20 Gameproject 2/Content/FirstPerson/FPWeapon/Mesh/SK_FPGun.uasset" 116
"../../../../../Projects/FG20 Gameproject 2/Content/FirstPerson/FX/Blueprints/BP_PoopShoot_test.uasset" 117
"../../../../../Projects/FG20 Gameproject 2/Content/FirstPerson/FX/Blueprints/Materials/M_clay/materials/M_clayMasked_Inst_01.uasset" 118
"../../../../../Projects/FG20 Gameproject 2/Content/FirstPerson/FX/Blueprints/Materials/M_clay/materials/M_clayMasked_Master.uasset" 119
"../../../../../Projects/FG20 Gameproject 2/Content/FirstPerson/FX/Blueprints/Materials/M_clay/poop/BP_FXSplatPlane.uasset" 120
"../../../../../Projects/FG20 Gameproject 2/Content/FirstPerson/Textures/RealAssTextures/Pipes/Pipe_Long_01/initialShadingGroup_normal_base.uasset" 121
"../../../../../Projects/FG20 Gameproject 2/Content/FirstPerson/Materials/M_clay/M_clay_Master_Copy.uasset" 122
"../../../Engine/Content/EngineMaterials/FlatNormal.uasset" 123
"../../../../../Projects/FG20 Gameproject 2/Content/FirstPerson/Materials/M_clay/M_Clay_Metal_01.uasset" 124
"../../../../../Projects/FG20 Gameproject 2/Content/FirstPerson/Textures/RealAssTextures/StormDrain/StormDrain_01_low_lambert1_Normal.uasset" 125
"../../../../../Projects/FG20 Gameproject 2/Content/FirstPerson/Materials/M_clay/M_Clay_Metal_StormDrain_01.uasset" 126
"../../../../../Projects/FG20 Gameproject 2/Content/FirstPerson/Materials/M_clay/M_clay_Master.uasset" 127
"../../../../../Projects/FG20 Gameproject 2/Content/FirstPerson/Materials/M_clay/M_clay_Skin.uasset" 128
"../../../../../Projects/FG20 Gameproject 2/Content/FirstPerson/Materials/M_clay/M_Clay_skin_hand.uasset" 129
"../../../../../Projects/FG20 Gameproject 2/Content/FirstPerson/Textures/TempTextures/CubeholderTextures/Hand_01_low_initialShadingGroup_Normal.uasset" 130
"../../../../../Projects/FG20 Gameproject 2/Content/FirstPerson/Materials/M_clay/M_CubeHand_01.uasset" 131
"../../../../../Projects/FG20 Gameproject 2/Content/FirstPerson/Materials/M_clay/M_CubeHolderHand_01.uasset" 132
"../../../../../Projects/FG20 Gameproject 2/Content/FirstPerson/Textures/RealAssTextures/Pipes/Pipe_Small_01/lambert294SG_normal_base.uasset" 133
"../../../../../Projects/FG20 Gameproject 2/Content/FirstPerson/Materials/M_clay/M_Pipes_Small_01.uasset" 134
"../../../Engine/Content/Functions/Engine_MaterialFunctions01/Gradient/LinearGradient.uasset" 135
"../../../Engine/Content/Functions/Engine_MaterialFunctions01/ImageAdjustment/CheapContrast.uasset" 136
"../../../Engine/Content/Functions/Engine_MaterialFunctions02/SafeNormalize.uasset" 137
"../../../Engine/Content/Functions/Engine_MaterialFunctions02/Math/CreateThirdOrthogonalVector.uasset" 138
"../../../Engine/Content/Functions/Engine_MaterialFunctions02/Utility/BreakOutFloat3Components.uasset" 139
"../../../Engine/Content/Functions/Engine_MaterialFunctions02/Math/Transform3x3Matrix.uasset" 140
"../../../Engine/Content/Functions/Engine_MaterialFunctions02/Utility/BreakOutFloat2Components.uasset" 141
"../../../Engine/Content/Functions/Engine_MaterialFunctions02/Utility/MakeFloat3.uasset" 142
"../../../Engine/Content/EngineMaterials/BaseFlattenNormalMap.uasset" 143
"../../../Engine/Content/Functions/Engine_MaterialFunctions02/WorldAlignedNormals_HighQuality.uasset" 144
"../../../Engine/Content/EngineMaterials/DefaultNormal_Uncompressed.uasset" 145
"../../../Engine/Content/Functions/Engine_MaterialFunctions01/Texturing/WorldAlignedNormal.uasset" 146
"../../../Engine/Content/EngineMaterials/DefaultDiffuse.uasset" 147
"../../../Engine/Content/Functions/Engine_MaterialFunctions01/Texturing/WorldAlignedTexture.uasset" 148
"../../../../../Projects/FG20 Gameproject 2/Content/FirstPerson/Textures/TempTextures/CubeholderTextures/CubeHolderMouth_01_low_initialShadingGroup_BaseColor.uasset" 149
"../../../../../Projects/FG20 Gameproject 2/Content/FirstPerson/Textures/TempTextures/CubeholderTextures/CubeHolderMouth_01_low_initialShadingGroup_Normal.uasset" 150
"../../../../../Projects/FG20 Gameproject 2/Content/FirstPerson/Textures/TempTextures/CubeholderTextures/CubeHolderMouth_01_low_initialShadingGroup_OcclusionRoughnessMetallic.uasset" 151
"../../../../../Projects/FG20 Gameproject 2/Content/FirstPerson/Materials/M_clay/tILING.uasset" 152
"../../../../../Projects/FG20 Gameproject 2/Content/FirstPerson/Materials/M_clay/textures/T_ClayTest_D.uasset" 153
"../../../../../Projects/FG20 Gameproject 2/Content/FirstPerson/Materials/M_Cliff/M_clay_Inst1.uasset" 154
"../../../../../Projects/FG20 Gameproject 2/Content/FirstPerson/Materials/M_Cliff/Textures/N__AO_CT_Cliff.uasset" 155
"../../../../../Projects/FG20 Gameproject 2/Content/FirstPerson/Materials/PrototypeMaterials/M_StaticCube.uasset" 156
"../../../../../Projects/FG20 Gameproject 2/Content/FirstPerson/Materials/TempMaterial/M_Flesh_Master.uasset" 157
"../../../../../Projects/FG20 Gameproject 2/Content/FirstPerson/Textures/TempTextures/CubeholderTextures/Middle_01_low_initialShadingGroup_BaseColor.uasset" 158
"../../../../../Projects/FG20 Gameproject 2/Content/FirstPerson/Textures/TempTextures/CubeholderTextures/Middle_01_low_initialShadingGroup_Normal.uasset" 159
"../../../../../Projects/FG20 Gameproject 2/Content/FirstPerson/Textures/TempTextures/CubeholderTextures/Middle_01_low_initialShadingGroup_OcclusionRoughnessMetallic.uasset" 160
"../../../../../Projects/FG20 Gameproject 2/Content/FirstPerson/Materials/TempMaterial/MI_CubeMiddle_01.uasset" 161
"../../../../../Projects/FG20 Gameproject 2/Content/FirstPerson/Materials/TempMaterial/MI_CubeMouth_01.uasset" 162
"../../../../../Projects/FG20 Gameproject 2/Content/FirstPerson/Textures/TempTextures/TS_01/test_low_initialShadingGroup_BaseColor.uasset" 163
"../../../../../Projects/FG20 Gameproject 2/Content/FirstPerson/Textures/TempTextures/TS_01/test_low_initialShadingGroup_Normal.uasset" 164
"../../../../../Projects/FG20 Gameproject 2/Content/FirstPerson/Textures/TempTextures/TS_01/test_low_initialShadingGroup_OcclusionRoughnessMetallic.uasset" 165
"../../../../../Projects/FG20 Gameproject 2/Content/FirstPerson/Materials/TempMaterial/M_TS_01.uasset" 166
"../../../../../Projects/FG20 Gameproject 2/Content/FirstPerson/Materials/TempMaterial/M_TS_01_Inst.uasset" 167
"../../../../../Projects/FG20 Gameproject 2/Content/FirstPerson/Meshes/M_InvisibleCubeMaterial.uasset" 168
"../../../../../Projects/FG20 Gameproject 2/Content/FirstPerson/Meshes/RealAssMeshes/Bridge/S_BridgePlatform_01.uasset" 169
"../../../../../Projects/FG20 Gameproject 2/Content/FirstPerson/Meshes/RealAssMeshes/Cube/CubePipes/S_ChonkPipeOpening_01.uasset" 170
"../../../../../Projects/FG20 Gameproject 2/Content/FirstPerson/Meshes/RealAssMeshes/Cube/CubePipes/S_CubePipe_Straight_01.uasset" 171
"../../../../../Projects/FG20 Gameproject 2/Content/FirstPerson/Meshes/RealAssMeshes/Cube/CubePipes/S_CubePipe_Turn_01.uasset" 172
"../../../../../Projects/FG20 Gameproject 2/Content/FirstPerson/Meshes/RealAssMeshes/Floor/Floor_01_low.uasset" 173
"../../../../../Projects/FG20 Gameproject 2/Content/FirstPerson/Meshes/RealAssMeshes/Floor/Floor_500.uasset" 174
"../../../../../Projects/FG20 Gameproject 2/Content/FirstPerson/Meshes/RealAssMeshes/Floor/S_Floor_Tiles_500_02.uasset" 175
"../../../../../Projects/FG20 Gameproject 2/Content/FirstPerson/Textures/TempTextures/meatGrinderTextures/T_MeatGrinder_D.uasset" 176
"../../../../../Projects/FG20 Gameproject 2/Content/FirstPerson/Materials/M_clay/metal/M_clayMetal_master.uasset" 177
"../../../../../Projects/FG20 Gameproject 2/Content/FirstPerson/Textures/TempTextures/meatGrinderTextures/T_MeatGrinder_N.uasset" 178
"../../../../../Projects/FG20 Gameproject 2/Content/FirstPerson/Materials/M_clay/metal/MeatGrinder/MI_Meatgrinder.uasset" 179
"../../../../../Projects/FG20 Gameproject 2/Content/FirstPerson/Meshes/RealAssMeshes/MeatGrinder/S_meatGrinderPipe.uasset" 180
"../../../../../Projects/FG20 Gameproject 2/Content/FirstPerson/Meshes/RealAssMeshes/MeatGrinder/S_meatgrinderPipe_Bend.uasset" 181
"../../../../../Projects/FG20 Gameproject 2/Content/FirstPerson/Meshes/RealAssMeshes/MeatGrinder/S_meatGrinder_Bucket.uasset" 182
"../../../../../Projects/FG20 Gameproject 2/Content/FirstPerson/Meshes/RealAssMeshes/MeatGrinder/S_meatGrinder_nozzle.uasset" 183
"../../../../../Projects/FG20 Gameproject 2/Content/FirstPerson/Meshes/TempMeshes/CubeSides/S_CubeEye_01.uasset" 184
"../../../../../Projects/FG20 Gameproject 2/Content/FirstPerson/Meshes/TempMeshes/Lamps/Lamp_01.uasset" 185
"../../../../../Projects/FG20 Gameproject 2/Content/FirstPerson/Meshes/TempMeshes/Lamps/Lamp_02.uasset" 186
"../../../../../Projects/FG20 Gameproject 2/Content/FirstPerson/Meshes/TempMeshes/Lamps/Lamp_03.uasset" 187
"../../../../../Projects/FG20 Gameproject 2/Content/FirstPerson/Meshes/TempMeshes/Misc/StormDrain_01_low.uasset" 188
"../../../../../Projects/FG20 Gameproject 2/Content/FirstPerson/Materials/M_clay/M_Clay_Floor_01.uasset" 189
"../../../../../Projects/FG20 Gameproject 2/Content/FirstPerson/Meshes/TempMeshes/Misc/S_CubeHolder_01.uasset" 190
"../../../../../Projects/FG20 Gameproject 2/Content/FirstPerson/Meshes/TempMeshes/Pipes/S_Pipe_Long_01.uasset" 191
"../../../../../Projects/FG20 Gameproject 2/Content/FirstPerson/Meshes/TempMeshes/Pipes/LargePipes/Pipes_all_01.uasset" 192
"../../../../../Projects/FG20 Gameproject 2/Content/FirstPerson/Meshes/TempMeshes/TS_01/S_TS_Wall_01.uasset" 193
"../../../../../Projects/FG20 Gameproject 2/Content/FirstPerson/Textures/FirstPersonCrosshair.uasset" 194
"../../../../../Projects/FG20 Gameproject 2/Content/FirstPerson/Textures/RealAssTextures/Bars/T_Bars_03_D.uasset" 195
"../../../../../Projects/FG20 Gameproject 2/Content/FirstPerson/Textures/RealAssTextures/Bars/T_Bars_03_N.uasset" 196
"../../../../../Projects/FG20 Gameproject 2/Content/FirstPerson/Textures/RealAssTextures/Lamps/T_Lamp_01_Parts_low_D.uasset" 197
"../../../../../Projects/FG20 Gameproject 2/Content/FirstPerson/Textures/RealAssTextures/Lamps/T_Lamp_01_Parts_low_N.uasset" 198
"../../../../../Projects/FG20 Gameproject 2/Content/FirstPerson/Textures/RealAssTextures/Pillars/T_Pillar_01_ORM.uasset" 199
"../../../../../Projects/FG20 Gameproject 2/Content/FirstPerson/Textures/RealAssTextures/StormDrain/lambert1_normal_base.uasset" 200
"../../../../../Projects/FG20 Gameproject 2/Content/FirstPerson/Textures/UI/Crosshair/T_Cross_02.uasset" 201
"../../../../../Projects/FG20 Gameproject 2/Content/FirstPerson/Textures/UI/Crosshair/T_Cross_03.uasset" 202
"../../../../../Projects/FG20 Gameproject 2/Content/FirstPerson/Textures/UI/Crosshair/T_Cross_04.uasset" 203
"../../../../../Projects/FG20 Gameproject 2/Content/FirstPerson/Widgets/Editor/Playtest_Spawn_Positions.uasset" 204
"../../../../../Projects/FG20 Gameproject 2/Content/FirstPersonCPP/Blueprints/BPI_InteractableBase.uasset" 205
"../../../../../Projects/FG20 Gameproject 2/Content/FirstPersonCPP/Blueprints/BPL_Library.uasset" 206
"../../../../../Projects/FG20 Gameproject 2/Content/FirstPersonCPP/Blueprints/BP_Door.uasset" 207
"../../../../../Projects/FG20 Gameproject 2/Content/FirstPersonCPP/Blueprints/BP_Interactable.uasset" 208
"../../../../../Projects/FG20 Gameproject 2/Content/FirstPerson/Meshes/FirstPersonProjectileMesh.uasset" 209
"../../../../../Projects/FG20 Gameproject 2/Content/FirstPersonCPP/Blueprints/FirstPersonProjectile.uasset" 210
"../../../../../Projects/FG20 Gameproject 2/Content/FirstPersonCPP/Blueprints/FirstPersonProjectile_Child.uasset" 211
"../../../../../Projects/FG20 Gameproject 2/Content/FirstPersonCPP/Blueprints/CPPFleshCube/BP_EarFace.uasset" 212
"../../../../../Projects/FG20 Gameproject 2/Content/FirstPersonCPP/Blueprints/CPPFleshCube/BP_ButtFace.uasset" 213
"../../../../../Projects/FG20 Gameproject 2/Content/FirstPersonCPP/Blueprints/CPPFleshCube/BP_EyeFace.uasset" 214
"../../../../../Projects/FG20 Gameproject 2/Content/FirstPerson/Meshes/TempMeshes/CubeSides/S_CubeBlank_01.uasset" 215
"../../../../../Projects/FG20 Gameproject 2/Content/FirstPersonCPP/Blueprints/CPPFleshCube/BP_NoneFace.uasset" 216
"../../../../../Projects/FG20 Gameproject 2/Content/FirstPersonCPP/Blueprints/CPPFleshCube/BP_NoseFace.uasset" 217
"../../../../../Projects/FG20 Gameproject 2/Content/FirstPersonCPP/Blueprints/CPPFleshCube/CubeFaceDataold.uasset" 218
"../../../../../Projects/FG20 Gameproject 2/Content/FirstPersonCPP/Blueprints/CPPFleshCube/CubeFaceData.uasset" 219
"../../../../../Projects/FG20 Gameproject 2/Content/FirstPersonCPP/Blueprints/FleshCube/MI_Emissive_Hair.uasset" 220
"../../../../../Projects/FG20 Gameproject 2/Content/FirstPersonCPP/Blueprints/FleshCube/MI_Emissive_Mouth.uasset" 221
"../../../../../Projects/FG20 Gameproject 2/Content/FirstPersonCPP/Blueprints/FleshCube/MI_Emissive_Nose.uasset" 222
"../../../../../Projects/FG20 Gameproject 2/Content/Sounds/Ambience/Agony/Dead_Children_Chant.uasset" 223
"../../../../../Projects/FG20 Gameproject 2/Content/Sounds/Ambience/Agony/Dead_Voices.uasset" 224
"../../../../../Projects/FG20 Gameproject 2/Content/Sounds/Ambience/Agony/Madness_Voices_1.uasset" 225
"../../../../../Projects/FG20 Gameproject 2/Content/Sounds/Ambience/Agony/Madness_Voices_2.uasset" 226
"../../../../../Projects/FG20 Gameproject 2/Content/Sounds/Ambience/Agony/Scream__female__1.uasset" 227
"../../../../../Projects/FG20 Gameproject 2/Content/Sounds/Ambience/Agony/Scream__female__2.uasset" 228
"../../../../../Projects/FG20 Gameproject 2/Content/Sounds/Ambience/Agony/Scream__female__3.uasset" 229
"../../../../../Projects/FG20 Gameproject 2/Content/Sounds/Ambience/Chains/foley_keys_belt_metal_jingle_01.uasset" 230
"../../../../../Projects/FG20 Gameproject 2/Content/Sounds/Ambience/Chains/foley_keys_belt_metal_jingle_02.uasset" 231
"../../../../../Projects/FG20 Gameproject 2/Content/Sounds/Ambience/Chains/foley_keys_belt_metal_jingle_03.uasset" 232
"../../../../../Projects/FG20 Gameproject 2/Content/Sounds/Ambience/Heartbeats/Heartbeat__loop__1.uasset" 233
"../../../../../Projects/FG20 Gameproject 2/Content/Sounds/Ambience/Heartbeats/Heartbeat__loop__2.uasset" 234
"../../../../../Projects/FG20 Gameproject 2/Content/Sounds/Ambience/Misc/Event_16__loop_.uasset" 235
"../../../../../Projects/FG20 Gameproject 2/Content/Sounds/Ambience/Misc/radio_tv_electronic_static_hum_loop_01.uasset" 236
"../../../../../Projects/FG20 Gameproject 2/Content/Sounds/Ambience/Misc/Vynil__loop_.uasset" 237
"../../../../../Projects/FG20 Gameproject 2/Content/Sounds/Ambience/Music/Atmosphere_BadSensation_Loop.uasset" 238
"../../../../../Projects/FG20 Gameproject 2/Content/Sounds/Ambience/Music/Atmosphere_BoundedScreams_Loop.uasset" 239
"../../../../../Projects/FG20 Gameproject 2/Content/Sounds/Ambience/Natural/Fire_Burning_Sound_Effect.uasset" 240
"../../../../../Projects/FG20 Gameproject 2/Content/Sounds/Ambience/Natural/Rain__loop_.uasset" 241
"../../../../../Projects/FG20 Gameproject 2/Content/Sounds/Ambience/Natural/wind_general_gusty_low_loop_02.uasset" 242
"../../../../../Projects/FG20 Gameproject 2/Content/Sounds/Ambience/Natural/wind_general_soft_low_loop_05.uasset" 243
"../../../../../Projects/FG20 Gameproject 2/Content/Sounds/Doors/Elevator__close_.uasset" 244
"../../../../../Projects/FG20 Gameproject 2/Content/Sounds/Doors/Elevator__open_.uasset" 245
"../../../../../Projects/FG20 Gameproject 2/Content/Sounds/Doors/Open_Metal_Door.uasset" 246
"../../../../../Projects/FG20 Gameproject 2/Content/Sounds/Doors/Sliding_Metal_Door.uasset" 247
"../../../../../Projects/FG20 Gameproject 2/Content/Sounds/Faces_Sounds/Bursting/punch_grit_wet_impact_02.uasset" 248
"../../../../../Projects/FG20 Gameproject 2/Content/Sounds/Faces_Sounds/Bursting/punch_grit_wet_impact_03.uasset" 249
"../../../../../Projects/FG20 Gameproject 2/Content/Sounds/Faces_Sounds/Crying/Baby_Crying.uasset" 250
"../../../../../Projects/FG20 Gameproject 2/Content/Sounds/Faces_Sounds/Crying/Weeping__female_.uasset" 251
"../../../../../Projects/FG20 Gameproject 2/Content/Sounds/Faces_Sounds/Crying/Weeping__male_.uasset" 252
"../../../../../Projects/FG20 Gameproject 2/Content/Sounds/Faces_Sounds/Poop/Impact__meat__1.uasset" 253
"../../../../../Projects/FG20 Gameproject 2/Content/Sounds/Faces_Sounds/Poop/Impact__meat__2.uasset" 254
"../../../../../Projects/FG20 Gameproject 2/Content/Sounds/Faces_Sounds/Puking/Enemy_1__death___online-audio-converter_com_.uasset" 255
"../../../../../Projects/FG20 Gameproject 2/Content/Sounds/Footsteps/Step__blood__1.uasset" 256
"../../../../../Projects/FG20 Gameproject 2/Content/Sounds/Footsteps/Step__blood__2.uasset" 257
"../../../../../Projects/FG20 Gameproject 2/Content/Sounds/Footsteps/Step__metal_ladder__1.uasset" 258
"../../../../../Projects/FG20 Gameproject 2/Content/Sounds/Footsteps/Step__metal_ladder__2.uasset" 259
"../../../../../Projects/FG20 Gameproject 2/Content/Sounds/Scream/Scream__male__1__online-audio-converter_com_.uasset" 260
"../../../../../Projects/FG20 Gameproject 2/Content/Unreal/Geometry/Meshes/1M_Cube_Chamfer.uasset" 261
"../../../../../Projects/FG20 Gameproject 2/Content/Unreal/Geometry/Meshes/TemplateFloor.uasset" 262
"../../../../../Projects/FG20 Gameproject 2/Content/Unreal/StarterContent/Architecture/Pillar_50x500.uasset" 263
"../../../../../Projects/FG20 Gameproject 2/Content/Unreal/StarterContent/Architecture/Wall_400x300.uasset" 264
"../../../../../Projects/FG20 Gameproject 2/Content/Unreal/StarterContent/Architecture/Wall_400x400.uasset" 265
"../../../../../Projects/FG20 Gameproject 2/Content/Unreal/StarterContent/Architecture/Wall_500x500.uasset" 266
"../../../../../Projects/FG20 Gameproject 2/Content/Unreal/StarterContent/Architecture/Wall_Door_400x400.uasset" 267
"../../../../../Projects/FG20 Gameproject 2/Content/Unreal/StarterContent/Architecture/Wall_Window_400x400.uasset" 268
"../../../../../Projects/FG20 Gameproject 2/Content/Unreal/StarterContent/Audio/Collapse01.uasset" 269
"../../../../../Projects/FG20 Gameproject 2/Content/Unreal/StarterContent/Audio/Collapse02.uasset" 270
"../../../../../Projects/FG20 Gameproject 2/Content/Unreal/StarterContent/Audio/Explosion01.uasset" 271
"../../../../../Projects/FG20 Gameproject 2/Content/Unreal/StarterContent/Audio/Explosion02.uasset" 272
"../../../../../Projects/FG20 Gameproject 2/Content/Unreal/StarterContent/Audio/Light01.uasset" 273
"../../../../../Projects/FG20 Gameproject 2/Content/Unreal/StarterContent/Audio/Light01_Cue.uasset" 274
"../../../../../Projects/FG20 Gameproject 2/Content/Unreal/StarterContent/Audio/Light02.uasset" 275
"../../../../../Projects/FG20 Gameproject 2/Content/Unreal/StarterContent/Audio/Light02_Cue.uasset" 276
"../../../../../Projects/FG20 Gameproject 2/Content/Unreal/StarterContent/Audio/Explosion_Cue.uasset" 277
"../../../../../Projects/FG20 Gameproject 2/Content/Unreal/StarterContent/Textures/T_Burst_M.uasset" 278
"../../../../../Projects/FG20 Gameproject 2/Content/Unreal/StarterContent/Particles/Materials/M_Burst.uasset" 279
"../../../../../Projects/FG20 Gameproject 2/Content/Unreal/StarterContent/Textures/T_Explosion_SubUV.uasset" 280
"../../../../../Projects/FG20 Gameproject 2/Content/Unreal/StarterContent/Particles/Materials/M_explosion_subUV.uasset" 281
"../../../../../Projects/FG20 Gameproject 2/Content/Unreal/StarterContent/Particles/Materials/m_flare_01.uasset" 282
"../../../Engine/Content/Functions/Engine_MaterialFunctions01/Gradient/RadialGradient.uasset" 283
"../../../../../Projects/FG20 Gameproject 2/Content/Unreal/StarterContent/Particles/Materials/M_radial_ramp.uasset" 284
"../../../../../Projects/FG20 Gameproject 2/Content/Unreal/StarterContent/Textures/T_Smoke_SubUV.uasset" 285
"../../../../../Projects/FG20 Gameproject 2/Content/Unreal/StarterContent/Textures/T_Smoke_Tiled_D.uasset" 286
"../../../../../Projects/FG20 Gameproject 2/Content/Unreal/StarterContent/Particles/Materials/M_smoke_subUV.uasset" 287
"../../../../../Projects/FG20 Gameproject 2/Content/Unreal/StarterContent/Particles/P_Explosion.uasset" 288
"../../../../../Projects/FG20 Gameproject 2/Content/Unreal/StarterContent/Blueprints/Blueprint_Effect_Explosion.uasset" 289
"../../../Engine/Content/EditorMeshes/ColorCalibrator/T_ColorGrid.uasset" 290
"../../../../../Projects/FG20 Gameproject 2/Content/Unreal/StarterContent/Materials/M_ColorGrid_LowSpec.uasset" 291
"../../../../../Projects/FG20 Gameproject 2/Content/Unreal/StarterContent/Textures/T_Bush_D.uasset" 292
"../../../../../Projects/FG20 Gameproject 2/Content/Unreal/StarterContent/Textures/T_Bush_N.uasset" 293
"../../../../../Projects/FG20 Gameproject 2/Content/Unreal/StarterContent/Props/Materials/M_Bush.uasset" 294
"../../../../../Projects/FG20 Gameproject 2/Content/Unreal/StarterContent/Props/SM_Bush.uasset" 295
"../../../../../Projects/FG20 Gameproject 2/Content/Unreal/StarterContent/Textures/T_Chair_M.uasset" 296
"../../../../../Projects/FG20 Gameproject 2/Content/Unreal/StarterContent/Textures/T_Chair_N.uasset" 297
"../../../../../Projects/FG20 Gameproject 2/Content/Unreal/StarterContent/Props/Materials/M_Chair.uasset" 298
"../../../../../Projects/FG20 Gameproject 2/Content/Unreal/StarterContent/Props/SM_Couch.uasset" 299
"../../../../../Projects/FG20 Gameproject 2/Content/Unreal/StarterContent/Textures/T_Door_M.uasset" 300
"../../../../../Projects/FG20 Gameproject 2/Content/Unreal/StarterContent/Textures/T_Door_N.uasset" 301
"../../../../../Projects/FG20 Gameproject 2/Content/Unreal/StarterContent/Props/Materials/M_Door.uasset" 302
"../../../../../Projects/FG20 Gameproject 2/Content/Unreal/StarterContent/Props/SM_Door.uasset" 303
"../../../../../Projects/FG20 Gameproject 2/Content/Unreal/StarterContent/Props/Materials/M_MaterialSphere.uasset" 304
"../../../../../Projects/FG20 Gameproject 2/Content/Unreal/StarterContent/Props/Materials/M_MaterialSphere_Plain.uasset" 305
"../../../../../Projects/FG20 Gameproject 2/Content/Unreal/StarterContent/Props/SM_MatPreviewMesh_02.uasset" 306
"../../../../../Projects/FG20 Gameproject 2/Content/Unreal/StarterContent/Textures/T_Detail_Rocky_N.uasset" 307
"../../../../../Projects/FG20 Gameproject 2/Content/Unreal/StarterContent/Textures/T_Rock_Basalt_D.uasset" 308
"../../../../../Projects/FG20 Gameproject 2/Content/Unreal/StarterContent/Textures/T_RockMesh_M.uasset" 309
"../../../../../Projects/FG20 Gameproject 2/Content/Unreal/StarterContent/Textures/T_RockMesh_N.uasset" 310
"../../../../../Projects/FG20 Gameproject 2/Content/Unreal/StarterContent/Props/Materials/M_Rock.uasset" 311
"../../../../../Projects/FG20 Gameproject 2/Content/Unreal/StarterContent/Props/SM_Rock.uasset" 312
"../../../../../Projects/FG20 Gameproject 2/Content/Unreal/StarterContent/Textures/T_Shelf_M.uasset" 313
"../../../../../Projects/FG20 Gameproject 2/Content/Unreal/StarterContent/Textures/T_Shelf_N.uasset" 314
"../../../../../Projects/FG20 Gameproject 2/Content/Unreal/StarterContent/Props/Materials/M_Shelf.uasset" 315
"../../../../../Projects/FG20 Gameproject 2/Content/Unreal/StarterContent/Props/SM_Shelf.uasset" 316
"../../../../../Projects/FG20 Gameproject 2/Content/Unreal/StarterContent/Materials/M_Basic_Floor.uasset" 317
"../../../../../Projects/FG20 Gameproject 2/Content/Unreal/StarterContent/Props/SM_Stairs.uasset" 318
"../../../../../Projects/FG20 Gameproject 2/Content/Unreal/StarterContent/Shapes/Shape_Cone.uasset" 319
"../../../../../Projects/FG20 Gameproject 2/Content/Unreal/StarterContent/Shapes/Shape_Cylinder.uasset" 320
"../../../../../Projects/FG20 Gameproject 2/Content/Unreal/StarterContent/Shapes/Shape_NarrowCapsule.uasset" 321
"../../../../../Projects/FG20 Gameproject 2/Content/Unreal/StarterContent/Shapes/Shape_Pipe.uasset" 322
"../../../../../Projects/FG20 Gameproject 2/Content/Unreal/StarterContent/Shapes/Shape_Pipe_180.uasset" 323
"../../../../../Projects/FG20 Gameproject 2/Content/Unreal/StarterContent/Shapes/Shape_Pipe_90.uasset" 324
"../../../../../Projects/FG20 Gameproject 2/Content/Unreal/StarterContent/Shapes/Shape_Plane.uasset" 325
"../../../../../Projects/FG20 Gameproject 2/Content/Unreal/StarterContent/Shapes/Shape_Torus.uasset" 326
"../../../../../Projects/FG20 Gameproject 2/Content/Unreal/StarterContent/Shapes/Shape_Trim.uasset" 327
"../../../../../Projects/FG20 Gameproject 2/Content/Unreal/StarterContent/Shapes/Shape_Trim_90_In.uasset" 328
"../../../../../Projects/FG20 Gameproject 2/Content/Unreal/StarterContent/Shapes/Shape_Trim_90_Out.uasset" 329
"../../../../../Projects/FG20 Gameproject 2/Content/Unreal/StarterContent/Shapes/Shape_TriPyramid.uasset" 330
"../../../../../Projects/FG20 Gameproject 2/Content/Unreal/StarterContent/Shapes/Shape_Tube.uasset" 331
"../../../../../Projects/FG20 Gameproject 2/Content/Unreal/StarterContent/Shapes/Shape_Wedge_A.uasset" 332
"../../../../../Projects/FG20 Gameproject 2/Content/Unreal/StarterContent/Shapes/Shape_Wedge_B.uasset" 333
"../../../../../Projects/FG20 Gameproject 2/Content/Unreal/StarterContent/Shapes/Shape_WideCapsule.uasset" 334
"../../../Engine/Content/Animation/DefaultAnimBoneCompressionSettings.uasset" 335
"../../../Engine/Content/Animation/DefaultAnimCurveCompressionSettings.uasset" 336
"../../../Engine/Content/ArtTools/RenderToTexture/Meshes/S_1_Unit_Plane.uasset" 337
"../../../Engine/Content/BasicShapes/Cone.uasset" 338
"../../../Engine/Content/BasicShapes/Cylinder.uasset" 339
"../../../Engine/Content/EditorLandscapeResources/DataLayer.uasset" 340
"../../../Engine/Content/EditorMaterials/MAT_Groups_Toggle.uasset" 341
"../../../Engine/Content/EditorMaterials/MAT_Groups_Visibility.uasset" 342
"../../../Engine/Content/EditorMaterials/PreviewShadowIndicator.uasset" 343
"../../../Engine/Content/EditorMaterials/PreviewShadowIndicatorMaterial.uasset" 344
"../../../Engine/Content/EditorMaterials/MatineeGroups/MAT_ColorTrack.uasset" 345
"../../../Engine/Content/EditorMaterials/MatineeGroups/MAT_Groups_Anim.uasset" 346
"../../../Engine/Content/EditorMaterials/MatineeGroups/MAT_Groups_AudioMaster.uasset" 347
"../../../Engine/Content/EditorMaterials/MatineeGroups/MAT_Groups_Director.uasset" 348
"../../../Engine/Content/EditorMaterials/MatineeGroups/MAT_Groups_Event.uasset" 349
"../../../Engine/Content/EditorMaterials/MatineeGroups/MAT_Groups_Fade.uasset" 350
"../../../Engine/Content/EditorMaterials/MatineeGroups/MAT_Groups_Float.uasset" 351
"../../../Engine/Content/EditorMaterials/MatineeGroups/MAT_Groups_Move.uasset" 352
"../../../Engine/Content/EditorMaterials/MatineeGroups/MAT_Groups_Slomo.uasset" 353
"../../../Engine/Content/EditorMaterials/MatineeGroups/MAT_Groups_Sound.uasset" 354
"../../../Engine/Content/EditorMaterials/MatineeGroups/MAT_Groups_Vector.uasset" 355
"../../../Engine/Content/EditorMaterials/ParticleSystems/PSysThumbnail_NoImage.uasset" 356
"../../../Engine/Content/EditorMaterials/ParticleSystems/PSysThumbnail_OOD.uasset" 357
"../../../Engine/Content/EditorMaterials/Camera/CineMat.uasset" 358
"../../../Engine/Content/EditorMaterials/Camera/MI_CineMat_Rig.uasset" 359
"../../../Engine/Content/EditorMeshes/Camera/SM_CraneRig_Arm.uasset" 360
"../../../Engine/Content/EditorMeshes/Camera/SM_CraneRig_Base.uasset" 361
"../../../Engine/Content/EditorMeshes/Camera/SM_CraneRig_Body.uasset" 362
"../../../Engine/Content/EditorMeshes/Camera/SM_CraneRig_Mount.uasset" 363
"../../../Engine/Content/EditorMeshes/Camera/SM_RailRig_Mount.uasset" 364
"../../../Engine/Content/EditorMeshes/Camera/SM_RailRig_Track.uasset" 365
"../../../Engine/Content/EditorResources/BSPVertex.uasset" 366
"../../../Engine/Content/EditorResources/EmptyActor.uasset" 367
"../../../Engine/Content/EditorResources/S_Actor.uasset" 368
"../../../Engine/Content/EditorResources/S_Note.uasset" 369
"../../../Engine/Content/EditorResources/S_Solver.uasset" 370
"../../../Engine/Content/EditorResources/S_Trigger.uasset" 371
"../../../Engine/Content/EditorResources/AudioIcons/S_AudioComponent.uasset" 372
"../../../Engine/Content/EditorResources/AudioIcons/S_AudioComponent_AutoActivate.uasset" 373
"../../../Engine/Content/EditorResources/LightIcons/S_LightError.uasset" 374
"../../../Engine/Content/EditorResources/SequenceRecorder/Countdown.uasset" 375
"../../../Engine/Content/EditorResources/SequenceRecorder/RecordingIndicator.uasset" 376
"../../../Engine/Content/EditorSounds/Notifications/CompileFailed.uasset" 377
"../../../Engine/Content/EditorSounds/Notifications/CompileFailed_Cue.uasset" 378
"../../../Engine/Content/EditorSounds/Notifications/CompileSuccess.uasset" 379
"../../../Engine/Content/EditorSounds/Notifications/CompileStart_Cue.uasset" 380
"../../../Engine/Content/EditorSounds/Notifications/CompileSuccess_Cue.uasset" 381
"../../../Engine/Content/EngineDamageTypes/DmgTypeBP_Environmental.uasset" 382
"../../../Engine/Content/EngineDebugMaterials/DebugEditorMaterial.uasset" 383
"../../../Engine/Content/EngineDebugMaterials/DebugMeshMaterial.uasset" 384
"../../../Engine/Content/EngineDebugMaterials/M_SimpleUnlitTranslucent.uasset" 385
"../../../Engine/Content/Functions/Engine_MaterialFunctions02/Utility/CameraDirectionVector.uasset" 386
"../../../Engine/Content/EngineDebugMaterials/VolumeToRender.uasset" 387
"../../../Engine/Content/EngineDebugMaterials/M_VolumeRenderSphereTracePP.uasset" 388
"../../../Engine/Content/EngineDebugMaterials/WireframeMaterial.uasset" 389
"../../../Engine/Content/EngineFonts/Faces/DroidSansFallback.uasset" 390
"../../../Engine/Content/EngineFonts/Faces/RobotoBold.uasset" 391
"../../../Engine/Content/EngineFonts/Faces/RobotoBoldItalic.uasset" 392
"../../../Engine/Content/EngineFonts/Faces/RobotoItalic.uasset" 393
"../../../Engine/Content/EngineFonts/Faces/RobotoLight.uasset" 394
"../../../Engine/Content/EngineFonts/Faces/RobotoRegular.uasset" 395
"../../../Engine/Content/EngineFonts/Roboto.uasset" 396
"../../../Engine/Content/EngineMaterials/BaseFlattenDiffuseMap.uasset" 397
"../../../Engine/Content/EngineMaterials/BaseFlattenEmissiveMap.uasset" 398
"../../../Engine/Content/EngineMaterials/BaseFlattenGrayscaleMap.uasset" 399
"../../../Engine/Content/EngineMaterials/BaseFlattenMaterial.uasset" 400
"../../../Engine/Content/EngineMaterials/BlueNoise.uasset" 401
"../../../Engine/Content/EngineMaterials/DefaultBloomKernel.uasset" 402
"../../../Engine/Content/EngineMaterials/DefaultBokeh.uasset" 403
"../../../Engine/Content/EngineMaterials/DefaultDeferredDecalMaterial.uasset" 404
"../../../Engine/Content/EngineMaterials/DefaultLightFunctionMaterial.uasset" 405
"../../../Engine/Content/EngineMaterials/DefaultPostProcessMaterial.uasset" 406
"../../../Engine/Content/EngineFonts/RobotoDistanceField.uasset" 407
"../../../Engine/Content/EngineMaterials/DefaultTextMaterialOpaque.uasset" 408
"../../../Engine/Content/EngineMaterials/DefaultWhiteGrid.uasset" 409
"../../../Engine/Content/EngineMaterials/DefaultWhiteGrid_Low.uasset" 410
"../../../Engine/Content/EngineMaterials/EmissiveMeshMaterial.uasset" 411
"../../../Engine/Content/EngineMaterials/GizmoMaterial.uasset" 412
"../../../Engine/Content/EngineMaterials/Good64x64TilingNoiseHighFreq.uasset" 413
"../../../Engine/Content/EngineMaterials/MiniFont.uasset" 414
"../../../Engine/Content/EngineMaterials/InvalidLightmapSettings.uasset" 415
"../../../Engine/Content/EngineMaterials/M_InvalidLightmapSettings.uasset" 416
"../../../Engine/Content/Functions/Engine_MaterialFunctions02/WorldPositionOffset/CameraOffset.uasset" 417
"../../../Engine/Content/EngineMaterials/PhAT_JointLimitMaterial.uasset" 418
"../../../Engine/Content/EngineMaterials/PreintegratedSkinBRDF.uasset" 419
"../../../Engine/Content/EngineMaterials/RemoveSurfaceMaterial.uasset" 420
"../../../Engine/Content/EngineMaterials/WeightMapPlaceholderTexture.uasset" 421
"../../../Engine/Content/EngineResources/WhiteSquareTexture.uasset" 422
"../../../Engine/Content/EngineMaterials/Widget3DPassThrough.uasset" 423
"../../../Engine/Content/EngineMaterials/Widget3DPassThrough_Masked.uasset" 424
"../../../Engine/Content/EngineMaterials/Widget3DPassThrough_Opaque.uasset" 425
"../../../Engine/Content/EngineMaterials/Widget3DPassThrough_Masked_OneSided.uasset" 426
"../../../Engine/Content/EngineMaterials/Widget3DPassThrough_Opaque_OneSided.uasset" 427
"../../../Engine/Content/EngineMaterials/Widget3DPassThrough_Translucent.uasset" 428
"../../../Engine/Content/EngineMaterials/Widget3DPassThrough_Translucent_OneSided.uasset" 429
"../../../Engine/Content/EngineMeshes/Cylinder.uasset" 430
"../../../Engine/Content/EngineMeshes/Sphere.uasset" 431
"../../../Engine/Content/EngineResources/Black.uasset" 432
"../../../Engine/Content/EngineResources/DefaultTextureCube.uasset" 433
"../../../Engine/Content/EngineResources/DefaultVolumeTexture2D.uasset" 434
"../../../Engine/Content/EngineResources/DefaultVolumeTexture.uasset" 435
"../../../Engine/Content/EngineResources/GradientTexture0.uasset" 436
"../../../Engine/Content/EngineSounds/Master.uasset" 437
"../../../Engine/Content/Functions/Engine_MaterialFunctions01/Shading/ConvertFromDiffSpec.uasset" 438
"../../../Engine/Content/Functions/Engine_MaterialFunctions01/Shading/PowerToRoughness.uasset" 439
"../../../Engine/Content/Maps/Templates/Thumbnails/Default.uasset" 440
"../../../Engine/Content/Maps/Templates/Thumbnails/TimeOfDay.uasset" 441
"../../../Engine/Content/Maps/Templates/Thumbnails/VR-Basic.uasset" 442
"../../../Engine/Content/MobileResources/T_MobileControls_texture.uasset" 443
"../../../Engine/Content/MobileResources/T_MobileMenu2.uasset" 444
"../../../Engine/Content/MobileResources/HUD/AnalogHat.uasset" 445
"../../../Engine/Content/MobileResources/HUD/VirtualJoystick_Background.uasset" 446
"../../../Engine/Content/MobileResources/HUD/VirtualJoystick_Thumb.uasset" 447
"../../../Engine/Content/MobileResources/HUD/DefaultVirtualJoysticks.uasset" 448
"../../../Engine/Content/MobileResources/HUD/LeftVirtualJoystickOnly.uasset" 449
"../../../Engine/Content/MobileResources/HUD/MobileHUDButton1_off.uasset" 450
"../../../Engine/Content/MobileResources/HUD/MobileHUDButton1_on.uasset" 451
"../../../Engine/Content/MobileResources/HUD/MobileHUDButton2_off.uasset" 452
"../../../Engine/Content/MobileResources/HUD/MobileHUDButton2_on.uasset" 453
"../../../Engine/Content/MobileResources/HUD/MobileHUDButton3.uasset" 454
"../../../Engine/Content/MobileResources/HUD/MobileHUDButtonFire.uasset" 455
"../../../Engine/Content/MobileResources/HUD/MobileHUDDirectionPad.uasset" 456
"../../../Engine/Content/MobileResources/HUD/MobileHUDDirectionPad2.uasset" 457
"../../../Engine/Content/MobileResources/HUD/MobileHUDDirectionPad3.uasset" 458
"../../../Engine/Content/MobileResources/HUD/MobileHUDDirectionStick.uasset" 459
"../../../Engine/Content/MobileResources/HUD/T_Castle_ThumbstickInner.uasset" 460
"../../../Engine/Content/MobileResources/HUD/T_Castle_ThumbstickOutter.uasset" 461
"../../../Engine/Content/Tutorial/ContentIntroCurve.uasset" 462
"../../../Engine/Content/Tutorial/Basics/LevelEditorAttract.uasset" 463
"../../../Engine/Content/Tutorial/BlueprintTutorials/TutorialAssets/Blueprint_64x.uasset" 464
"../../../Engine/Content/Tutorial/BlueprintTutorials/BlueprintEditorTutorial.uasset" 465
"../../../Engine/Content/VREditor/LaserPointer/VR_LaserPower_01.uasset" 466
"../../../Engine/Content/VREditor/TransformGizmo/TransformGizmoMaterial.uasset" 467
"../../../Engine/Content/VREditor/TransformGizmo/TranslucentTransformGizmoMaterial.uasset" 468
"../../../Engine/Content/VREditor/TransformGizmo/BoundingBoxCorner.uasset" 469
"../../../Engine/Content/VREditor/TransformGizmo/BoundingBoxEdge.uasset" 470
"../../../Engine/Content/VREditor/TransformGizmo/PlaneTranslationHandle.uasset" 471
"../../../Engine/Content/VREditor/TransformGizmo/Main.uasset" 472
"../../../Engine/Content/VREditor/TransformGizmo/Xray.uasset" 473
"../../../Engine/Content/VREditor/TransformGizmo/SM_Sequencer_Key.uasset" 474
"../../../Engine/Content/VREditor/TransformGizmo/SM_Sequencer_Node.uasset" 475
"../../Plugins/2D/Paper2D/Content/PlaceholderTextures/DummySpriteTexture.uasset" 476
"../../Plugins/2D/Paper2D/Content/DummySprite.uasset" 477
"../../Plugins/2D/Paper2D/Content/DefaultPaperTerrainMaterial.uasset" 478
"../../Plugins/2D/Paper2D/Content/DefaultSpriteMaterial.uasset" 479
"../../Plugins/2D/Paper2D/Content/MaskedUnlitSpriteMaterial.uasset" 480
"../../Plugins/2D/Paper2D/Content/OpaqueUnlitSpriteMaterial.uasset" 481
"../../Plugins/FX/Niagara/Content/Enums/ENiagaraBooleanLogicOps.uasset" 482
"../../Plugins/FX/Niagara/Content/Enums/ENiagaraCoordinateSpace.uasset" 483
"../../Plugins/FX/Niagara/Content/Enums/ENiagaraExpansionMode.uasset" 484
"../../Plugins/FX/Niagara/Content/Enums/ENiagaraOrientationAxis.uasset" 485
"../../Plugins/FX/Niagara/Content/Enums/ENiagaraRandomnessMode.uasset" 486
"../../../Engine/Content/Functions/Engine_MaterialFunctions02/Utility/BreakOutFloat4Components.uasset" 487
"../../../Engine/Content/Functions/Engine_MaterialFunctions02/Utility/MakeFloat2.uasset" 488
"../../Plugins/Runtime/Oculus/OculusVR/Content/Materials/OculusMR_ChromaKey.uasset" 489
"../../Plugins/Runtime/Oculus/OculusVR/Content/Materials/OculusMR_ChromaKey_Lit.uasset" 490
"../../Plugins/Runtime/Oculus/OculusVR/Content/Materials/OculusMR_OpaqueColoredMaterial.uasset" 491
"../../Plugins/Runtime/Oculus/OculusVR/Content/Materials/OculusMR_WhiteMaterial.uasset" 492
"../../../../../Projects/FG20 Gameproject 2/Content/FirstPersonCPP/Blueprints/BPI_Respawn.uasset" 493
"../../../../../Projects/FG20 Gameproject 2/Content/FirstPerson/Textures/UI/Crosshair/T_Cross_01.uasset" 494
"../../../../../Projects/FG20 Gameproject 2/Content/FirstPersonCPP/UserInterface/WBP_HUD.uasset" 495
"../../../../../Projects/FG20 Gameproject 2/Content/FirstPersonCPP/Blueprints/FirstPersonCharacter.uasset" 496
"../../../Engine/Content/EngineSky/C_Sky_Cloud_Color.uasset" 497
"../../../Engine/Content/EngineSky/C_Sky_Horizon_Color.uasset" 498
"../../../Engine/Content/EngineSky/C_Sky_Zenith_Color.uasset" 499
"../../../Engine/Content/EngineSky/T_Sky_Blue.uasset" 500
"../../../Engine/Content/EngineSky/T_Sky_Clouds_M.uasset" 501
"../../../Engine/Content/EngineSky/T_Sky_Stars.uasset" 502
"../../../Engine/Content/EngineSky/M_Sky_Panning_Clouds2.uasset" 503
"../../../Engine/Content/EngineSky/SM_SkySphere.uasset" 504
"../../../Engine/Content/EngineSky/BP_Sky_Sphere.uasset" 505
"../../../../../Projects/FG20 Gameproject 2/Content/FirstPerson/Maps/Test/FirstPersonExampleMap_BuiltData.uasset" 506
"../../../Engine/Content/Functions/Engine_MaterialFunctions03/Procedurals/ComputeFilterWidth.uasset" 507
"../../../Engine/Content/EngineMaterials/AntiAliasedTextMaterialTranslucent.uasset" 508
"../../../../../Projects/FG20 Gameproject 2/Content/FirstPerson/Materials/M_clay/M_clay_Inst.uasset" 509
"../../../../../Projects/FG20 Gameproject 2/Content/FirstPerson/Meshes/CubeMaterialOverride.uasset" 510
"../../../../../Projects/FG20 Gameproject 2/Content/FirstPerson/Maps/Test/FirstPersonExampleMap.umap" 511
"../../../../../Projects/FG20 Gameproject 2/Content/FirstPerson/Maps/Test/LS_Ali_Geo.umap" 512
"../../../../../Projects/FG20 Gameproject 2/Content/FirstPerson/Maps/Test/L_Albin_P_BuiltData.uasset" 513
"../../../../../Projects/FG20 Gameproject 2/Content/FirstPerson/Textures/TempTextures/CubeholderTextures/T_cubeHolderHand_D.uasset" 514
"../../../../../Projects/FG20 Gameproject 2/Content/FirstPerson/Textures/TempTextures/CubeholderTextures/T_cubeHolderHand_N.uasset" 515
"../../../../../Projects/FG20 Gameproject 2/Content/FirstPerson/Materials/M_clay/flesh/M_clayFlesh_master.uasset" 516
"../../../../../Projects/FG20 Gameproject 2/Content/FirstPerson/Materials/M_clay/flesh/cubeHolder/M_clayFlesh_Hand.uasset" 517
"../../../../../Projects/FG20 Gameproject 2/Content/FirstPerson/Meshes/RealAssMeshes/Cube/CubeHolder/S_CubeHand_01.uasset" 518
"../../../../../Projects/FG20 Gameproject 2/Content/FirstPerson/Textures/TempTextures/CubeholderTextures/T_cubeHolderMiddle_D.uasset" 519
"../../../../../Projects/FG20 Gameproject 2/Content/FirstPerson/Textures/TempTextures/CubeholderTextures/T_cubeHolderMiddle_N.uasset" 520
"../../../../../Projects/FG20 Gameproject 2/Content/FirstPerson/Materials/M_clay/flesh/cubeHolder/M_clayFlesh_Middle.uasset" 521
"../../../../../Projects/FG20 Gameproject 2/Content/FirstPerson/Meshes/RealAssMeshes/Cube/CubeHolder/S_CubeHolderMiddle_01.uasset" 522
"../../../../../Projects/FG20 Gameproject 2/Content/FirstPerson/Textures/TempTextures/CubeholderTextures/T_cubeHolderMouth_D.uasset" 523
"../../../../../Projects/FG20 Gameproject 2/Content/FirstPerson/Textures/TempTextures/CubeholderTextures/T_cubeHolderMouth_N.uasset" 524
"../../../../../Projects/FG20 Gameproject 2/Content/FirstPerson/Materials/M_clay/flesh/cubeHolder/M_clayFlesh_Mouth.uasset" 525
"../../../../../Projects/FG20 Gameproject 2/Content/FirstPerson/Meshes/RealAssMeshes/Cube/CubeHolder/S_CubeHolderMouth_01.uasset" 526
"../../../../../Projects/FG20 Gameproject 2/Content/FirstPerson/Meshes/TempMeshes/Buildingblocks/S_Floor_01.uasset" 527
"../../../../../Projects/FG20 Gameproject 2/Content/FirstPerson/Meshes/TempMeshes/Buildingblocks/S_Mouthgate_01.uasset" 528
"../../../../../Projects/FG20 Gameproject 2/Content/FirstPerson/Meshes/TempMeshes/Buildingblocks/S_Ramp_01.uasset" 529
"../../../../../Projects/FG20 Gameproject 2/Content/FirstPerson/Meshes/TempMeshes/Buildingblocks/S_Stairs_01.uasset" 530
"../../../../../Projects/FG20 Gameproject 2/Content/FirstPerson/Meshes/TempMeshes/Buildingblocks/S_Statue_Head_01.uasset" 531
"../../../../../Projects/FG20 Gameproject 2/Content/FirstPerson/Materials/M_clay/M_Clay_Bone_01.uasset" 532
"../../../../../Projects/FG20 Gameproject 2/Content/FirstPerson/Meshes/TempMeshes/Buildingblocks/S_TorsoBalcony_01_Fbx.uasset" 533
"../../../../../Projects/FG20 Gameproject 2/Content/FirstPerson/Meshes/TempMeshes/Buildingblocks/S_TorsoBalcony_Stairs_01_FBX.uasset" 534
"../../../../../Projects/FG20 Gameproject 2/Content/FirstPerson/Materials/M_clay/M_clay_Wall_01.uasset" 535
"../../../../../Projects/FG20 Gameproject 2/Content/FirstPerson/Meshes/TempMeshes/Buildingblocks/S_Wall_01.uasset" 536
"../../../../../Projects/FG20 Gameproject 2/Content/FirstPerson/Meshes/TempMeshes/CubePipes/S_CubePipe_Long_01.uasset" 537
"../../../../../Projects/FG20 Gameproject 2/Content/FirstPerson/Meshes/TempMeshes/CubePipes/S_CubePipe_Opening_01.uasset" 538
"../../../../../Projects/FG20 Gameproject 2/Content/FirstPerson/Meshes/TempMeshes/CubePipes/S_CubePipe_Turn_01.uasset" 539
"../../../../../Projects/FG20 Gameproject 2/Content/FirstPerson/Meshes/TempMeshes/Misc/S_CubeStand_01.uasset" 540
"../../../../../Projects/FG20 Gameproject 2/Content/FirstPerson/Meshes/TempMeshes/Misc/S_CubeStand_02.uasset" 541
"../../../../../Projects/FG20 Gameproject 2/Content/FirstPerson/Meshes/TempMeshes/Misc/S_Door_01.uasset" 542
"../../../../../Projects/FG20 Gameproject 2/Content/FirstPerson/Meshes/TempMeshes/Misc/S_Railing_01.uasset" 543
"../../../../../Projects/FG20 Gameproject 2/Content/FirstPerson/Materials/M_clay/M_Clay_Pipes_01.uasset" 544
"../../../../../Projects/FG20 Gameproject 2/Content/FirstPerson/Meshes/TempMeshes/Pipes/LargePipes/LargePipes_45_01.uasset" 545
"../../../../../Projects/FG20 Gameproject 2/Content/FirstPerson/Meshes/TempMeshes/Pipes/LargePipes/LargePipes_Fourway_01.uasset" 546
"../../../../../Projects/FG20 Gameproject 2/Content/FirstPerson/Meshes/TempMeshes/Pipes/LargePipes/LargePipes_Large_01.uasset" 547
"../../../../../Projects/FG20 Gameproject 2/Content/FirstPerson/Meshes/TempMeshes/Pipes/LargePipes/LargePipes_Middle_01.uasset" 548
"../../../../../Projects/FG20 Gameproject 2/Content/FirstPerson/Meshes/TempMeshes/Pipes/LargePipes/LargePipes_Small_01.uasset" 549
"../../../../../Projects/FG20 Gameproject 2/Content/FirstPerson/Meshes/TempMeshes/Pipes/LargePipes/LargePipes_Threeway_01.uasset" 550
"../../../../../Projects/FG20 Gameproject 2/Content/FirstPerson/Meshes/TempMeshes/Pipes/LargePipes/LargePipes_Valve_01.uasset" 551
"../../../../../Projects/FG20 Gameproject 2/Content/FirstPerson/Maps/Test/L_Albin_P.umap" 552
"../../../../../Projects/FG20 Gameproject 2/Content/FirstPerson/Materials/M_clay/M_clay_Meat.uasset" 553
"../../../../../Projects/FG20 Gameproject 2/Content/FirstPerson/Materials/M_clay/M_Clay_Metal_Dark_01.uasset" 554
"../../../../../Projects/FG20 Gameproject 2/Content/FirstPerson/Materials/M_clay/M_Clay_Metal_Dark_01_Inst.uasset" 555
"../../../../../Projects/FG20 Gameproject 2/Content/FirstPerson/Textures/RealAssTextures/Meat/MeatBars/initialShadingGroup_normal_base.uasset" 556
"../../../../../Projects/FG20 Gameproject 2/Content/FirstPerson/Materials/M_clay/M_MeatBarsGums_01.uasset" 557
"../../../../../Projects/FG20 Gameproject 2/Content/FirstPerson/Materials/M_clay/M_MeatBarsTeeth_01.uasset" 558
"../../../../../Projects/FG20 Gameproject 2/Content/FirstPerson/Materials/M_clay/M_Pipes_02.uasset" 559
"../../../../../Projects/FG20 Gameproject 2/Content/FirstPerson/Textures/TempTextures/MeatPipe/initialShadingGroup_normal_base.uasset" 560
"../../../../../Projects/FG20 Gameproject 2/Content/FirstPerson/Textures/TempTextures/MeatPipe/NewMaterial.uasset" 561
"../../../../../Projects/FG20 Gameproject 2/Content/FirstPerson/Textures/TempTextures/MeatPipe/NewMaterial_Inst.uasset" 562
"../../../Engine/Content/BasicShapes/Cube.uasset" 563
"../../../../../Projects/FG20 Gameproject 2/Content/FirstPerson/Materials/M_clay/S_WallPiece_01.uasset" 564
"../../../../../Projects/FG20 Gameproject 2/Content/FirstPerson/Meshes/RealAssMeshes/Bridge/S_Balk_01.uasset" 565
"../../../../../Projects/FG20 Gameproject 2/Content/FirstPerson/Meshes/RealAssMeshes/Bridge/S_Balk_02.uasset" 566
"../../../../../Projects/FG20 Gameproject 2/Content/FirstPerson/Meshes/RealAssMeshes/Floor/Floor_01.uasset" 567
"../../../../../Projects/FG20 Gameproject 2/Content/FirstPerson/Meshes/RealAssMeshes/Floor/S_Floor_Tiles_1000_01.uasset" 568
"../../../../../Projects/FG20 Gameproject 2/Content/FirstPerson/Meshes/RealAssMeshes/Floor/S_Floor_Tiles_500_01.uasset" 569
"../../../../../Projects/FG20 Gameproject 2/Content/FirstPerson/Meshes/RealAssMeshes/Meat/S_Meatbar_01.uasset" 570
"../../../../../Projects/FG20 Gameproject 2/Content/FirstPerson/Meshes/RealAssMeshes/Meat/S_Meatbar_Gums_01.uasset" 571
"../../../../../Projects/FG20 Gameproject 2/Content/FirstPerson/Meshes/RealAssMeshes/Pipes/S_Pipe_45_01.uasset" 572
"../../../../../Projects/FG20 Gameproject 2/Content/FirstPerson/Materials/M_clay/M_Pipe_Small_01.uasset" 573
"../../../../../Projects/FG20 Gameproject 2/Content/FirstPerson/Textures/RealAssTextures/Pipes/Pipe_Bend_01/lambert294SG_normal_base.uasset" 574
"../../../../../Projects/FG20 Gameproject 2/Content/FirstPerson/Materials/M_clay/M_Pipe_Bend_01_.uasset" 575
"../../../../../Projects/FG20 Gameproject 2/Content/FirstPerson/Meshes/RealAssMeshes/Pipes/S_Pipe_Bend_01.uasset" 576
"../../../../../Projects/FG20 Gameproject 2/Content/FirstPerson/Meshes/RealAssMeshes/Pipes/S_Pipe_Fourway_01.uasset" 577
"../../../../../Projects/FG20 Gameproject 2/Content/FirstPerson/Meshes/RealAssMeshes/Pipes/S_Pipe_Long_01.uasset" 578
"../../../../../Projects/FG20 Gameproject 2/Content/FirstPerson/Meshes/RealAssMeshes/Pipes/S_Pipe_Small_01.uasset" 579
"../../../../../Projects/FG20 Gameproject 2/Content/FirstPerson/Meshes/RealAssMeshes/Pipes/S_Pipe_Threeway_01.uasset" 580
"../../../../../Projects/FG20 Gameproject 2/Content/FirstPerson/Meshes/RealAssMeshes/Vent/S_Vent_Ground_01.uasset" 581
"../../../../../Projects/FG20 Gameproject 2/Content/FirstPerson/Meshes/RealAssMeshes/WallDecorations/S_BlockVent_01.uasset" 582
"../../../../../Projects/FG20 Gameproject 2/Content/FirstPerson/Meshes/RealAssMeshes/WallDecorations/S_CornerProtector_01.uasset" 583
"../../../../../Projects/FG20 Gameproject 2/Content/FirstPerson/Meshes/RealAssMeshes/WallDecorations/S_WallBar_01.uasset" 584
"../../../../../Projects/FG20 Gameproject 2/Content/FirstPerson/Meshes/RealAssMeshes/WallDecorations/S_Window_Barred_01.uasset" 585
"../../../../../Projects/FG20 Gameproject 2/Content/FirstPerson/Meshes/TempMeshes/Buildingblocks/Test_01.uasset" 586
"../../../../../Projects/FG20 Gameproject 2/Content/FirstPerson/Meshes/TempMeshes/Meat_Parts/S_Meat_Root_01.uasset" 587
"../../../../../Projects/FG20 Gameproject 2/Content/FirstPerson/Meshes/TempMeshes/Trees/Roots/S_Tree_Root_01.uasset" 588
"../../../../../Projects/FG20 Gameproject 2/Content/FirstPerson/Textures/TempTextures/MeatPipe/Opening_01_2_low.uasset" 589
"../../../../../Projects/FG20 Gameproject 2/Content/FirstPerson/Textures/TempTextures/MeatPipe/OpeningEntrance_01_low.uasset" 590
"../../../../../Projects/FG20 Gameproject 2/Content/FirstPerson/Maps/Test/L_Aldo_Albin.umap" 591
"../../../../../Projects/FG20 Gameproject 2/Content/FirstPerson/Meshes/RealAssMeshes/Cube/CubeHolder/S_CubeHolderToung_01.uasset" 592
"../../../../../Projects/FG20 Gameproject 2/Content/FirstPerson/Meshes/TempMeshes/Buildingblocks/S_Arch_01.uasset" 593
"../../../../../Projects/FG20 Gameproject 2/Content/FirstPerson/Maps/Test/L_Aldo_P.umap" 594
"../../../../../Projects/FG20 Gameproject 2/Content/FirstPersonCPP/Blueprints/FleshCube/MI_Emissive_Bum.uasset" 595
"../../../../../Projects/FG20 Gameproject 2/Content/FirstPersonCPP/Blueprints/BP_Checkpoint.uasset" 596
"../../../../../Projects/FG20 Gameproject 2/Content/FirstPerson/UserInterface/WBP_PickupPrompt.uasset" 597
"../../../../../Projects/FG20 Gameproject 2/Content/FirstPersonCPP/Blueprints/CPPFleshCube/BP_FleshCube.uasset" 598
"../../../../../Projects/FG20 Gameproject 2/Content/FirstPersonCPP/Blueprints/FleshCube/BP_Ear.uasset" 599
"../../../../../Projects/FG20 Gameproject 2/Content/FirstPersonCPP/Blueprints/BP_Doors.uasset" 600
"../../../../../Projects/FG20 Gameproject 2/Content/FirstPersonCPP/Blueprints/SM_Glass.uasset" 601
"../../../../../Projects/FG20 Gameproject 2/Content/FirstPersonCPP/Blueprints/BP_Glass.uasset" 602
"../../../../../Projects/FG20 Gameproject 2/Content/FirstPersonCPP/Blueprints/BP_Killzone.uasset" 603
"../../../../../Projects/FG20 Gameproject 2/Content/FirstPersonCPP/Blueprints/BP_ObjectInteractable.uasset" 604
"../../../../../Projects/FG20 Gameproject 2/Content/FirstPersonCPP/Blueprints/BP_ObjectInteractable_Door.uasset" 605
"../../../../../Projects/FG20 Gameproject 2/Content/FirstPersonCPP/Blueprints/SM_Frame.uasset" 606
"../../../../../Projects/FG20 Gameproject 2/Content/FirstPerson/Maps/Test/L_Ali_P.umap" 607
"../../../../../Projects/FG20 Gameproject 2/Content/FirstPerson/Maps/Test/L_Andreas_P_BuiltData.uasset" 608
"../../../Engine/Content/EngineMaterials/DefaultPhysicalMaterial.uasset" 609
"../../../../../Projects/FG20 Gameproject 2/Content/FirstPerson/Meshes/TempMeshes/Trees/S_Stump_01.uasset" 610
"../../../../../Projects/FG20 Gameproject 2/Content/FirstPerson/Meshes/TempMeshes/Trees/S_Tree_01.uasset" 611
"../../../../../Projects/FG20 Gameproject 2/Content/FirstPerson/Maps/Test/L_Andreas_P.umap" 612
"../../../../../Projects/FG20 Gameproject 2/Content/FirstPerson/Textures/RealAssTextures/Pillars/T_Pillar_01_D.uasset" 613
"../../../../../Projects/FG20 Gameproject 2/Content/FirstPerson/Textures/RealAssTextures/Pillars/T_Pillar_01_N.uasset" 614
"../../../../../Projects/FG20 Gameproject 2/Content/FirstPerson/Materials/M_clay/M_PillarFlesh_01.uasset" 615
"../../../../../Projects/FG20 Gameproject 2/Content/FirstPerson/Meshes/RealAssMeshes/Bars/S_Bars_03.uasset" 616
"../../../../../Projects/FG20 Gameproject 2/Content/FirstPerson/Meshes/RealAssMeshes/Lamps/S_LampShade_01.uasset" 617
"../../../../../Projects/FG20 Gameproject 2/Content/FirstPerson/Meshes/RealAssMeshes/Lamps/S_LampWire_01.uasset" 618
"../../../../../Projects/FG20 Gameproject 2/Content/FirstPerson/Meshes/RealAssMeshes/Lamps/S_LightBulb_01.uasset" 619
"../../../../../Projects/FG20 Gameproject 2/Content/FirstPerson/Meshes/RealAssMeshes/Pillars/S_Pillar_Bottom_01.uasset" 620
"../../../../../Projects/FG20 Gameproject 2/Content/FirstPerson/Meshes/RealAssMeshes/Pillars/S_Pillar_Shaft_01.uasset" 621
"../../../../../Projects/FG20 Gameproject 2/Content/FirstPerson/Meshes/TempMeshes/Bars/Bar_03_short_01.uasset" 622
"../../../../../Projects/FG20 Gameproject 2/Content/FirstPerson/Meshes/TempMeshes/Bars/Bar_03_short_02.uasset" 623
"../../../../../Projects/FG20 Gameproject 2/Content/FirstPerson/Meshes/TempMeshes/Bars/Bars_01.uasset" 624
"../../../../../Projects/FG20 Gameproject 2/Content/FirstPerson/Meshes/TempMeshes/Bars/Bars_02.uasset" 625
"../../../../../Projects/FG20 Gameproject 2/Content/FirstPerson/Meshes/TempMeshes/Bars/Bars_03.uasset" 626
"../../../../../Projects/FG20 Gameproject 2/Content/FirstPerson/Meshes/TempMeshes/Buildingblocks/S_Bridge_01.uasset" 627
"../../../../../Projects/FG20 Gameproject 2/Content/FirstPerson/Meshes/TempMeshes/Pillars/Pillar_Bottom_01.uasset" 628
"../../../../../Projects/FG20 Gameproject 2/Content/FirstPerson/Maps/Test/L_Ingrid_P.umap" 629
"../../../../../Projects/FG20 Gameproject 2/Content/FirstPersonCPP/Blueprints/BP_InteractableTest.uasset" 630
"../../../../../Projects/FG20 Gameproject 2/Content/FirstPersonCPP/Blueprints/MyInteractableBase.uasset" 631
"../../../../../Projects/FG20 Gameproject 2/Content/FirstPerson/UserInterface/WBP_StationaryPrompt.uasset" 632
"../../../../../Projects/FG20 Gameproject 2/Content/FirstPerson/Maps/Test/L_Jocke_P.umap" 633
"../../../../../Projects/FG20 Gameproject 2/Content/FirstPerson/Maps/Test/L_Leonard_P.umap" 634
"../../../../../Projects/FG20 Gameproject 2/Content/FirstPerson/Maps/Test/L_Malin_P.umap" 635
"../../../../../Projects/FG20 Gameproject 2/Content/FirstPerson/Maps/Test/L_Philip_P_BuiltData.uasset" 636
"../../../../../Projects/FG20 Gameproject 2/Content/FirstPerson/Materials/M_Cliff/Textures/Cliff_Tile_Pack_A.uasset" 637
"../../../../../Projects/FG20 Gameproject 2/Content/FirstPerson/Materials/M_Cliff/Textures/Cliff_Tile_Pack_B.uasset" 638
"../../../../../Projects/FG20 Gameproject 2/Content/FirstPerson/Materials/M_Cliff/M_clay_Cliff_Master.uasset" 639
"../../../../../Projects/FG20 Gameproject 2/Content/FirstPerson/Materials/M_Cliff/M_clay_Cliff_Wall_01_Inst.uasset" 640
"../../../../../Projects/FG20 Gameproject 2/Content/FirstPerson/Materials/M_Cliff/Textures/Cliff_Wall_02_N_AO_CT.uasset" 641
"../../../../../Projects/FG20 Gameproject 2/Content/FirstPerson/Materials/M_Cliff/M_clay_Cliff_Wall_02_Inst.uasset" 642
"../../../Engine/Content/Functions/Engine_MaterialFunctions01/Vectors/RotateVector.uasset" 643
"../../../Engine/Content/Functions/Engine_MaterialFunctions02/WorldPositionOffset/Wind.uasset" 644
"../../../../../Projects/FG20 Gameproject 2/Content/FirstPerson/Materials/M_Tree/Gradient_Texture.uasset" 645
"../../../../../Projects/FG20 Gameproject 2/Content/FirstPerson/Materials/M_Tree/MM_Dead_Tree.uasset" 646
"../../../../../Projects/FG20 Gameproject 2/Content/FirstPerson/Materials/M_Tree/M_Dead_Root_01_Inst.uasset" 647
"../../../../../Projects/FG20 Gameproject 2/Content/FirstPerson/Materials/M_Tree/M_Dead_Tree_01_Inst.uasset" 648
"../../../../../Projects/FG20 Gameproject 2/Content/FirstPerson/Materials/M_Tree/M_Dead_Tree_02_Inst.uasset" 649
"../../../../../Projects/FG20 Gameproject 2/Content/FirstPerson/Textures/TempTextures/CubeholderTextures/Hand_01_low_initialShadingGroup_BaseColor.uasset" 650
"../../../../../Projects/FG20 Gameproject 2/Content/FirstPerson/Textures/TempTextures/CubeholderTextures/Hand_01_low_initialShadingGroup_OcclusionRoughnessMetallic.uasset" 651
"../../../../../Projects/FG20 Gameproject 2/Content/FirstPerson/Materials/TempMaterial/MI_CubeHand_01.uasset" 652
"../../../../../Projects/FG20 Gameproject 2/Content/FirstPerson/Meshes/TempMeshes/Cliffs/S_Cliff_Wall_01.uasset" 653
"../../../../../Projects/FG20 Gameproject 2/Content/FirstPerson/Meshes/TempMeshes/Cliffs/S_Cliff_Wall_02.uasset" 654
"../../../../../Projects/FG20 Gameproject 2/Content/FirstPerson/Meshes/TempMeshes/Meat_Parts/S_Meat_Chunk_01.uasset" 655
"../../../../../Projects/FG20 Gameproject 2/Content/FirstPerson/Meshes/TempMeshes/Meat_Parts/S_Meat_Chunk_02.uasset" 656
"../../../../../Projects/FG20 Gameproject 2/Content/FirstPerson/Meshes/TempMeshes/Pipes/LargePipes/LargePipes_45_02.uasset" 657
"../../../../../Projects/FG20 Gameproject 2/Content/FirstPerson/Meshes/TempMeshes/Trees/Roots/S_Dead_Root_01.uasset" 658
"../../../../../Projects/FG20 Gameproject 2/Content/FirstPerson/Meshes/TempMeshes/Trees/S_Dead_Tree_01.uasset" 659
"../../../../../Projects/FG20 Gameproject 2/Content/FirstPerson/Meshes/TempMeshes/Trees/S_Dead_Tree_02.uasset" 660
"../../../../../Projects/FG20 Gameproject 2/Content/FirstPerson/Maps/Test/L_Philip_P.umap" 661
"../../../../../Projects/FG20 Gameproject 2/Content/FirstPerson/Maps/Test/L_Robin_P.umap" 662
"../../../../../Projects/FG20 Gameproject 2/Content/FirstPerson/Meshes/TempMeshes/Pillars/Pillar_Shaft_01.uasset" 663
"../../../../../Projects/FG20 Gameproject 2/Content/FirstPerson/Maps/Test/LevelStreamingMaps/L_Bridge_Geo.umap" 664
"../../../../../Projects/FG20 Gameproject 2/Content/FirstPerson/Meshes/TempMeshes/Buildingblocks/S_Tower.uasset" 665
"../../../../../Projects/FG20 Gameproject 2/Content/FirstPerson/Meshes/TempMeshes/Buildingblocks/S_Towertip.uasset" 666
"../../../../../Projects/FG20 Gameproject 2/Content/FirstPerson/Maps/Test/LevelStreamingMaps/L_EndMap_Geo.umap" 667
"../../../../../Projects/FG20 Gameproject 2/Content/FirstPerson/Blueprints/Editor/BP_PlayerStartLocation1.uasset" 668
"../../../../../Projects/FG20 Gameproject 2/Content/FirstPerson/Maps/Test/LevelStreamingMaps/L_HellGame_P.umap" 669
"../../../../../Projects/FG20 Gameproject 2/Content/FirstPerson/Meshes/RealAssMeshes/Meat/S_Meatbar_Teeth_01.uasset" 670
"../../../../../Projects/FG20 Gameproject 2/Content/FirstPerson/Maps/Test/LevelStreamingMaps/L_OpenField_Geo.umap" 671
"../../../../../Projects/FG20 Gameproject 2/Content/FirstPerson/Meshes/TempMeshes/Pipes/LargePipes/LargePipes_Support_01.uasset" 672
"../../../../../Projects/FG20 Gameproject 2/Content/FirstPerson/Meshes/TempMeshes/Pipes/LargePipes/LargePipes_Support_01_2.uasset" 673
"../../../../../Projects/FG20 Gameproject 2/Content/FirstPerson/Meshes/TempMeshes/Pipes/LargePipes/LargePipes_Support_02.uasset" 674
"../../../../../Projects/FG20 Gameproject 2/Content/FirstPerson/Meshes/TempMeshes/Pipes/LargePipes/LargePipes_Turn_01.uasset" 675
"../../../../../Projects/FG20 Gameproject 2/Content/FirstPerson/Maps/Test/LevelStreamingMaps/L_Room_4_Geo.umap" 676
"../../../../../Projects/FG20 Gameproject 2/Content/FirstPerson/Meshes/TempMeshes/Misc/S_WallHands_01.uasset" 677
"../../../../../Projects/FG20 Gameproject 2/Content/FirstPersonCPP/Blueprints/BP_Closing_Kill_Wall.uasset" 678
"../../../../../Projects/FG20 Gameproject 2/Content/FirstPerson/Maps/Test/LevelStreamingMaps/L_Room_5_Geo.umap" 679
"../../../../../Projects/FG20 Gameproject 2/Content/FirstPerson/Textures/TempTextures/PHIllustrations/MouthToButt.uasset" 680
"../../../../../Projects/FG20 Gameproject 2/Content/FirstPerson/Materials/PrototypeMaterials/TooltipMaterial/M_MouthButt_Tooltip.uasset" 681
"../../../../../Projects/FG20 Gameproject 2/Content/FirstPerson/Blueprints/PrototypeBlueprints/Environment/BP_MouthButtSign.uasset" 682
"../../../../../Projects/FG20 Gameproject 2/Content/FirstPerson/Textures/TempTextures/PHIllustrations/MouthToEar.uasset" 683
"../../../../../Projects/FG20 Gameproject 2/Content/FirstPerson/Materials/PrototypeMaterials/TooltipMaterial/M_MouthEar_Tooltip.uasset" 684
"../../../../../Projects/FG20 Gameproject 2/Content/FirstPerson/Blueprints/PrototypeBlueprints/Environment/BP_MouthEarSign.uasset" 685
"../../../../../Projects/FG20 Gameproject 2/Content/FirstPerson/Materials/TempMaterial/M_ArteryGlow_Test.uasset" 686
"../../../../../Projects/FG20 Gameproject 2/Content/FirstPerson/Materials/TempMaterial/M_VeinGlow_Test.uasset" 687
"../../../../../Projects/FG20 Gameproject 2/Content/FirstPerson/Meshes/TempMeshes/Buildingblocks/S_ArchPillar_01.uasset" 688
"../../../../../Projects/FG20 Gameproject 2/Content/FirstPerson/Maps/Test/LevelStreamingMaps/L_Tutorial_1_Geo.umap" 689
"../../../../../Projects/FG20 Gameproject 2/Content/FirstPersonCPP/Blueprints/CPPFleshCube/BP_HairFace.uasset" 690
"../../../../../Projects/FG20 Gameproject 2/Content/FirstPerson/Maps/Test/LevelStreamingMaps/L_Tutorial_3_Geo.umap" 691
"../../../../../Projects/FG20 Gameproject 2/Content/FirstPerson/Textures/TempTextures/PHIllustrations/Nose_to_ear.uasset" 692
"../../../../../Projects/FG20 Gameproject 2/Content/FirstPerson/Materials/PrototypeMaterials/TooltipMaterial/M_NoseToEye_Tooltip.uasset" 693
"../../../../../Projects/FG20 Gameproject 2/Content/FirstPerson/Blueprints/PrototypeBlueprints/Environment/BP_NoseToEyeSign.uasset" 694
"../../../../../Projects/FG20 Gameproject 2/Content/FirstPerson/Maps/Test/LevelStreamingMaps/Tutte_02_AlbinsPlayground.umap" 695
"../../../../../Projects/FG20 Gameproject 2/Content/FirstPerson/Textures/TempTextures/PHIllustrations/PoopToMouth.uasset" 696
"../../../../../Projects/FG20 Gameproject 2/Content/FirstPerson/Materials/PrototypeMaterials/TooltipMaterial/M_PoopToMouth_Tooltip.uasset" 697
"../../../../../Projects/FG20 Gameproject 2/Content/FirstPerson/Blueprints/PrototypeBlueprints/Environment/BP_PoopToMouth.uasset" 698
"../../../../../Projects/FG20 Gameproject 2/Content/FirstPerson/Maps/Test/LevelStreamingMaps/_Tutorial_2_Geo.umap" 699
"../../../../../Projects/FG20 Gameproject 2/Content/FirstPersonCPP/Maps/FirstPersonExampleMap_BuiltData.uasset" 700
"../../../../../Projects/FG20 Gameproject 2/Content/FirstPersonCPP/Maps/FirstPersonExampleMap.umap" 701
"../../../../../Projects/FG20 Gameproject 2/Content/Unreal/StarterContent/Blueprints/Assets/FogBrightnessLUT.uasset" 702
"../../../../../Projects/FG20 Gameproject 2/Content/Unreal/StarterContent/Blueprints/Assets/SunlightColorLUT.uasset" 703
"../../../../../Projects/FG20 Gameproject 2/Content/Unreal/StarterContent/Blueprints/Assets/M_LightStage_Arrows.uasset" 704
"../../../Engine/Content/MapTemplates/Sky/DaylightAmbientCubemap.uasset" 705
"../../../../../Projects/FG20 Gameproject 2/Content/Unreal/StarterContent/Blueprints/Assets/M_LightStage_Skybox_Master.uasset" 706
"../../../../../Projects/FG20 Gameproject 2/Content/Unreal/StarterContent/Blueprints/Assets/M_LightStage_Skybox_Black.uasset" 707
"../../../../../Projects/FG20 Gameproject 2/Content/Unreal/StarterContent/Blueprints/Assets/M_LightStage_Skybox_HDRI.uasset" 708
"../../../Engine/Content/EditorMaterials/Thumbnails/SkySphereMaterial.uasset" 709
"../../../../../Projects/FG20 Gameproject 2/Content/Unreal/StarterContent/Blueprints/Assets/Skybox.uasset" 710
"../../../../../Projects/FG20 Gameproject 2/Content/Unreal/StarterContent/Blueprints/Assets/SM_Arrows.uasset" 711
"../../../../../Projects/FG20 Gameproject 2/Content/Unreal/StarterContent/HDRI/HDRI_Epic_Courtyard_Daylight.uasset" 712
"../../../../../Projects/FG20 Gameproject 2/Content/Unreal/StarterContent/Blueprints/BP_LightStudio.uasset" 713
"../../../../../Projects/FG20 Gameproject 2/Content/Unreal/StarterContent/Maps/Advanced_Lighting_BuiltData.uasset" 714
"../../../../../Projects/FG20 Gameproject 2/Content/Unreal/StarterContent/Materials/M_AssetPlatform.uasset" 715
"../../../Engine/Content/EditorMeshes/ColorCalibrator/M_ChromeBall.uasset" 716
"../../../Engine/Content/EditorMeshes/ColorCalibrator/M_ClearCoat.uasset" 717
"../../../Engine/Content/EditorMeshes/ColorCalibrator/M_ClearCoatBlack.uasset" 718
"../../../Engine/Content/EditorMeshes/ColorCalibrator/Color_checker.uasset" 719
"../../../Engine/Content/EditorMeshes/ColorCalibrator/M_ColorGrid.uasset" 720
"../../../Engine/Content/EditorMeshes/ColorCalibrator/M_GreyBall.uasset" 721
"../../../Engine/Content/EditorMeshes/ColorCalibrator/SM_ColorCalibrator.uasset" 722
"../../../../../Projects/FG20 Gameproject 2/Content/Unreal/StarterContent/Architecture/SM_AssetPlatform.uasset" 723
"../../../../../Projects/FG20 Gameproject 2/Content/Unreal/StarterContent/Maps/Advanced_Lighting.umap" 724
"../../../../../Projects/FG20 Gameproject 2/Content/Unreal/StarterContent/Maps/Minimal_Default_BuiltData.uasset" 725
"../../../../../Projects/FG20 Gameproject 2/Content/Unreal/StarterContent/Textures/T_MacroVariation.uasset" 726
"../../../../../Projects/FG20 Gameproject 2/Content/Unreal/StarterContent/Materials/M_Metal_Brushed_Nickel.uasset" 727
"../../../../../Projects/FG20 Gameproject 2/Content/Unreal/StarterContent/Textures/T_Metal_Aluminum_D.uasset" 728
"../../../../../Projects/FG20 Gameproject 2/Content/Unreal/StarterContent/Textures/T_Metal_Gold_N.uasset" 729
"../../../../../Projects/FG20 Gameproject 2/Content/Unreal/StarterContent/Materials/M_Metal_Burnished_Steel.uasset" 730
"../../../../../Projects/FG20 Gameproject 2/Content/Unreal/StarterContent/Textures/T_Metal_Copper_D.uasset" 731
"../../../../../Projects/FG20 Gameproject 2/Content/Unreal/StarterContent/Materials/M_Metal_Copper.uasset" 732
"../../../../../Projects/FG20 Gameproject 2/Content/Unreal/StarterContent/Textures/T_Statue_M.uasset" 733
"../../../../../Projects/FG20 Gameproject 2/Content/Unreal/StarterContent/Textures/T_Statue_N.uasset" 734
"../../../../../Projects/FG20 Gameproject 2/Content/Unreal/StarterContent/Props/Materials/M_StatueGlass.uasset" 735
"../../../../../Projects/FG20 Gameproject 2/Content/Unreal/StarterContent/Architecture/Floor_400x400.uasset" 736
"../../../../../Projects/FG20 Gameproject 2/Content/Unreal/StarterContent/Audio/Starter_Birds01.uasset" 737
"../../../../../Projects/FG20 Gameproject 2/Content/Unreal/StarterContent/Audio/Starter_Wind05.uasset" 738
"../../../../../Projects/FG20 Gameproject 2/Content/Unreal/StarterContent/Audio/Starter_Wind06.uasset" 739
"../../../../../Projects/FG20 Gameproject 2/Content/Unreal/StarterContent/Audio/Starter_Background_Cue.uasset" 740
"../../../../../Projects/FG20 Gameproject 2/Content/Unreal/StarterContent/Props/SM_Chair.uasset" 741
"../../../../../Projects/FG20 Gameproject 2/Content/Unreal/StarterContent/Props/Materials/M_Statue.uasset" 742
"../../../../../Projects/FG20 Gameproject 2/Content/Unreal/StarterContent/Props/SM_Statue.uasset" 743
"../../../../../Projects/FG20 Gameproject 2/Content/Unreal/StarterContent/Textures/T_TableRound_M.uasset" 744
"../../../../../Projects/FG20 Gameproject 2/Content/Unreal/StarterContent/Textures/T_TableRound_N.uasset" 745
"../../../../../Projects/FG20 Gameproject 2/Content/Unreal/StarterContent/Props/Materials/M_TableRound.uasset" 746
"../../../../../Projects/FG20 Gameproject 2/Content/Unreal/StarterContent/Props/SM_TableRound.uasset" 747
"../../../../../Projects/FG20 Gameproject 2/Content/Unreal/StarterContent/Maps/Minimal_Default.umap" 748
"../../../../../Projects/FG20 Gameproject 2/Content/Unreal/StarterContent/Audio/Fire01.uasset" 749
"../../../../../Projects/FG20 Gameproject 2/Content/Unreal/StarterContent/Audio/Fire01_Cue.uasset" 750
"../../../../../Projects/FG20 Gameproject 2/Content/Unreal/StarterContent/Textures/T_Fire_SubUV.uasset" 751
"../../../../../Projects/FG20 Gameproject 2/Content/Unreal/StarterContent/Textures/T_Fire_Tiled_D.uasset" 752
"../../../../../Projects/FG20 Gameproject 2/Content/Unreal/StarterContent/Particles/Materials/M_Fire_SubUV.uasset" 753
"../../../../../Projects/FG20 Gameproject 2/Content/Unreal/StarterContent/Textures/T_Water_N.uasset" 754
"../../../../../Projects/FG20 Gameproject 2/Content/Unreal/StarterContent/Particles/Materials/M_Heat_Distortion.uasset" 755
"../../../../../Projects/FG20 Gameproject 2/Content/Unreal/StarterContent/Particles/Materials/M_Radial_Gradient.uasset" 756
"../../../../../Projects/FG20 Gameproject 2/Content/Unreal/StarterContent/Particles/P_Fire.uasset" 757
"../../../../../Projects/FG20 Gameproject 2/Content/Unreal/StarterContent/Blueprints/Blueprint_Effect_Fire.uasset" 758
"../../../../../Projects/FG20 Gameproject 2/Content/Unreal/StarterContent/Audio/Smoke01.uasset" 759
"../../../../../Projects/FG20 Gameproject 2/Content/Unreal/StarterContent/Audio/Smoke01_Cue.uasset" 760
"../../../../../Projects/FG20 Gameproject 2/Content/Unreal/StarterContent/Particles/P_Smoke.uasset" 761
"../../../../../Projects/FG20 Gameproject 2/Content/Unreal/StarterContent/Blueprints/Blueprint_Effect_Smoke.uasset" 762
"../../../../../Projects/FG20 Gameproject 2/Content/Unreal/StarterContent/Audio/Fire_Sparks01.uasset" 763
"../../../../../Projects/FG20 Gameproject 2/Content/Unreal/StarterContent/Audio/Fire_Sparks01_Cue.uasset" 764
"../../../../../Projects/FG20 Gameproject 2/Content/Unreal/StarterContent/Textures/T_Spark_Core.uasset" 765
"../../../../../Projects/FG20 Gameproject 2/Content/Unreal/StarterContent/Particles/Materials/M_Spark.uasset" 766
"../../../../../Projects/FG20 Gameproject 2/Content/Unreal/StarterContent/Particles/P_Sparks.uasset" 767
"../../../../../Projects/FG20 Gameproject 2/Content/Unreal/StarterContent/Blueprints/Blueprint_Effect_Sparks.uasset" 768
"../../../../../Projects/FG20 Gameproject 2/Content/Unreal/StarterContent/Audio/Steam01.uasset" 769
"../../../../../Projects/FG20 Gameproject 2/Content/Unreal/StarterContent/Audio/Steam01_Cue.uasset" 770
"../../../../../Projects/FG20 Gameproject 2/Content/Unreal/StarterContent/Particles/P_Steam_Lit.uasset" 771
"../../../../../Projects/FG20 Gameproject 2/Content/Unreal/StarterContent/Blueprints/Blueprint_Effect_Steam.uasset" 772
"../../../../../Projects/FG20 Gameproject 2/Content/Unreal/StarterContent/Textures/T_Lamp_M.uasset" 773
"../../../../../Projects/FG20 Gameproject 2/Content/Unreal/StarterContent/Textures/T_Lamp_N.uasset" 774
"../../../../../Projects/FG20 Gameproject 2/Content/Unreal/StarterContent/Props/Materials/M_Lamp.uasset" 775
"../../../../../Projects/FG20 Gameproject 2/Content/Unreal/StarterContent/Props/SM_Lamp_Ceiling.uasset" 776
"../../../../../Projects/FG20 Gameproject 2/Content/Unreal/StarterContent/Blueprints/Blueprint_CeilingLight.uasset" 777
"../../../../../Projects/FG20 Gameproject 2/Content/Unreal/StarterContent/Props/SM_Lamp_Wall.uasset" 778
"../../../../../Projects/FG20 Gameproject 2/Content/Unreal/StarterContent/Blueprints/Blueprint_WallSconce.uasset" 779
"../../../../../Projects/FG20 Gameproject 2/Content/Unreal/StarterContent/Maps/StarterMap_BuiltData.uasset" 780
"../../../../../Projects/FG20 Gameproject 2/Content/Unreal/StarterContent/Textures/T_Brick_Clay_Beveled_D.uasset" 781
"../../../../../Projects/FG20 Gameproject 2/Content/Unreal/StarterContent/Textures/T_Brick_Clay_Beveled_M.uasset" 782
"../../../../../Projects/FG20 Gameproject 2/Content/Unreal/StarterContent/Textures/T_Brick_Clay_Beveled_N.uasset" 783
"../../../../../Projects/FG20 Gameproject 2/Content/Unreal/StarterContent/Materials/M_Brick_Clay_Beveled.uasset" 784
"../../../../../Projects/FG20 Gameproject 2/Content/Unreal/StarterContent/Textures/T_Brick_Clay_New_D.uasset" 785
"../../../../../Projects/FG20 Gameproject 2/Content/Unreal/StarterContent/Textures/T_Brick_Clay_New_M.uasset" 786
"../../../../../Projects/FG20 Gameproject 2/Content/Unreal/StarterContent/Textures/T_Brick_Clay_New_N.uasset" 787
"../../../../../Projects/FG20 Gameproject 2/Content/Unreal/StarterContent/Materials/M_Brick_Clay_New.uasset" 788
"../../../../../Projects/FG20 Gameproject 2/Content/Unreal/StarterContent/Textures/T_Brick_Clay_Old_D.uasset" 789
"../../../../../Projects/FG20 Gameproject 2/Content/Unreal/StarterContent/Textures/T_Brick_Clay_Old_N.uasset" 790
"../../../../../Projects/FG20 Gameproject 2/Content/Unreal/StarterContent/Materials/M_Brick_Clay_Old.uasset" 791
"../../../../../Projects/FG20 Gameproject 2/Content/Unreal/StarterContent/Textures/T_Brick_Cut_Stone_D.uasset" 792
"../../../../../Projects/FG20 Gameproject 2/Content/Unreal/StarterContent/Textures/T_Brick_Cut_Stone_N.uasset" 793
"../../../../../Projects/FG20 Gameproject 2/Content/Unreal/StarterContent/Materials/M_Brick_Cut_Stone.uasset" 794
"../../../../../Projects/FG20 Gameproject 2/Content/Unreal/StarterContent/Textures/T_Brick_Hewn_Stone_D.uasset" 795
"../../../../../Projects/FG20 Gameproject 2/Content/Unreal/StarterContent/Textures/T_Brick_Hewn_Stone_M.uasset" 796
"../../../../../Projects/FG20 Gameproject 2/Content/Unreal/StarterContent/Textures/T_Brick_Hewn_Stone_N.uasset" 797
"../../../../../Projects/FG20 Gameproject 2/Content/Unreal/StarterContent/Materials/M_Brick_Hewn_Stone.uasset" 798
"../../../../../Projects/FG20 Gameproject 2/Content/Unreal/StarterContent/Textures/T_Ceramic_Tile_M.uasset" 799
"../../../../../Projects/FG20 Gameproject 2/Content/Unreal/StarterContent/Textures/T_Ceramic_Tile_N.uasset" 800
"../../../../../Projects/FG20 Gameproject 2/Content/Unreal/StarterContent/Textures/T_Rock_Marble_Polished_D.uasset" 801
"../../../../../Projects/FG20 Gameproject 2/Content/Unreal/StarterContent/Materials/M_Ceramic_Tile_Checker.uasset" 802
"../../../../../Projects/FG20 Gameproject 2/Content/Unreal/StarterContent/Textures/T_CobbleStone_Pebble_D.uasset" 803
"../../../../../Projects/FG20 Gameproject 2/Content/Unreal/StarterContent/Textures/T_CobbleStone_Pebble_M.uasset" 804
"../../../../../Projects/FG20 Gameproject 2/Content/Unreal/StarterContent/Textures/T_CobbleStone_Pebble_N.uasset" 805
"../../../../../Projects/FG20 Gameproject 2/Content/Unreal/StarterContent/Materials/M_CobbleStone_Pebble.uasset" 806
"../../../../../Projects/FG20 Gameproject 2/Content/Unreal/StarterContent/Textures/T_CobbleStone_Rough_D.uasset" 807
"../../../../../Projects/FG20 Gameproject 2/Content/Unreal/StarterContent/Textures/T_CobbleStone_Rough_N.uasset" 808
"../../../../../Projects/FG20 Gameproject 2/Content/Unreal/StarterContent/Textures/T_Gradinet_01.uasset" 809
"../../../../../Projects/FG20 Gameproject 2/Content/Unreal/StarterContent/Textures/T_Rock_Smooth_Granite_D.uasset" 810
"../../../../../Projects/FG20 Gameproject 2/Content/Unreal/StarterContent/Materials/M_CobbleStone_Rough.uasset" 811
"../../../../../Projects/FG20 Gameproject 2/Content/Unreal/StarterContent/Textures/T_CobbleStone_Smooth_D.uasset" 812
"../../../../../Projects/FG20 Gameproject 2/Content/Unreal/StarterContent/Textures/T_CobbleStone_Smooth_M.uasset" 813
"../../../../../Projects/FG20 Gameproject 2/Content/Unreal/StarterContent/Textures/T_CobbleStone_Smooth_N.uasset" 814
"../../../../../Projects/FG20 Gameproject 2/Content/Unreal/StarterContent/Materials/M_CobbleStone_Smooth.uasset" 815
"../../../../../Projects/FG20 Gameproject 2/Content/Unreal/StarterContent/Textures/T_Concrete_Grime_D.uasset" 816
"../../../../../Projects/FG20 Gameproject 2/Content/Unreal/StarterContent/Textures/T_Metal_Rust_N.uasset" 817
"../../../../../Projects/FG20 Gameproject 2/Content/Unreal/StarterContent/Materials/M_Concrete_Grime.uasset" 818
"../../../../../Projects/FG20 Gameproject 2/Content/Unreal/StarterContent/Textures/T_Concrete_Panels_D.uasset" 819
"../../../../../Projects/FG20 Gameproject 2/Content/Unreal/StarterContent/Textures/T_Concrete_Panels_N.uasset" 820
"../../../../../Projects/FG20 Gameproject 2/Content/Unreal/StarterContent/Materials/M_Concrete_Panels.uasset" 821
"../../../../../Projects/FG20 Gameproject 2/Content/Unreal/StarterContent/Textures/T_Concrete_Poured_D.uasset" 822
"../../../../../Projects/FG20 Gameproject 2/Content/Unreal/StarterContent/Textures/T_Concrete_Poured_N.uasset" 823
"../../../../../Projects/FG20 Gameproject 2/Content/Unreal/StarterContent/Materials/M_Concrete_Poured.uasset" 824
"../../../../../Projects/FG20 Gameproject 2/Content/Unreal/StarterContent/Textures/T_Concrete_Tiles_D.uasset" 825
"../../../../../Projects/FG20 Gameproject 2/Content/Unreal/StarterContent/Textures/T_Concrete_Tiles_M.uasset" 826
"../../../../../Projects/FG20 Gameproject 2/Content/Unreal/StarterContent/Textures/T_Concrete_Tiles_N.uasset" 827
"../../../../../Projects/FG20 Gameproject 2/Content/Unreal/StarterContent/Textures/T_Concrete_Tiles_Variation_M.uasset" 828
"../../../../../Projects/FG20 Gameproject 2/Content/Unreal/StarterContent/Materials/M_Concrete_Tiles.uasset" 829
"../../../../../Projects/FG20 Gameproject 2/Content/Unreal/StarterContent/Textures/T_Ground_Grass_D.uasset" 830
"../../../../../Projects/FG20 Gameproject 2/Content/Unreal/StarterContent/Textures/T_Ground_Grass_N.uasset" 831
"../../../../../Projects/FG20 Gameproject 2/Content/Unreal/StarterContent/Materials/M_Ground_Grass.uasset" 832
"../../../../../Projects/FG20 Gameproject 2/Content/Unreal/StarterContent/Textures/T_Ground_Gravel_D.uasset" 833
"../../../../../Projects/FG20 Gameproject 2/Content/Unreal/StarterContent/Textures/T_Ground_Gravel_N.uasset" 834
"../../../../../Projects/FG20 Gameproject 2/Content/Unreal/StarterContent/Materials/M_Ground_Gravel.uasset" 835
"../../../../../Projects/FG20 Gameproject 2/Content/Unreal/StarterContent/Textures/T_ground_Moss_D.uasset" 836
"../../../../../Projects/FG20 Gameproject 2/Content/Unreal/StarterContent/Textures/T_Ground_Moss_N.uasset" 837
"../../../../../Projects/FG20 Gameproject 2/Content/Unreal/StarterContent/Materials/M_Ground_Moss.uasset" 838
"../../../../../Projects/FG20 Gameproject 2/Content/Unreal/StarterContent/Materials/M_Metal_Chrome.uasset" 839
"../../../../../Projects/FG20 Gameproject 2/Content/Unreal/StarterContent/Textures/T_Metal_Gold_D.uasset" 840
"../../../../../Projects/FG20 Gameproject 2/Content/Unreal/StarterContent/Materials/M_Metal_Gold.uasset" 841
"../../../../../Projects/FG20 Gameproject 2/Content/Unreal/StarterContent/Textures/T_Metal_Rust_D.uasset" 842
"../../../../../Projects/FG20 Gameproject 2/Content/Unreal/StarterContent/Materials/M_Metal_Rust.uasset" 843
"../../../../../Projects/FG20 Gameproject 2/Content/Unreal/StarterContent/Textures/T_Metal_Steel_D.uasset" 844
"../../../../../Projects/FG20 Gameproject 2/Content/Unreal/StarterContent/Textures/T_Metal_Steel_N.uasset" 845
"../../../../../Projects/FG20 Gameproject 2/Content/Unreal/StarterContent/Materials/M_Metal_Steel.uasset" 846
"../../../../../Projects/FG20 Gameproject 2/Content/Unreal/StarterContent/Textures/T_Rock_Basalt_N.uasset" 847
"../../../../../Projects/FG20 Gameproject 2/Content/Unreal/StarterContent/Materials/M_Rock_Basalt.uasset" 848
"../../../../../Projects/FG20 Gameproject 2/Content/Unreal/StarterContent/Materials/M_Rock_Marble_Polished.uasset" 849
"../../../../../Projects/FG20 Gameproject 2/Content/Unreal/StarterContent/Textures/T_Rock_Sandstone_D.uasset" 850
"../../../../../Projects/FG20 Gameproject 2/Content/Unreal/StarterContent/Textures/T_Rock_Sandstone_N.uasset" 851
"../../../../../Projects/FG20 Gameproject 2/Content/Unreal/StarterContent/Materials/M_Rock_Sandstone.uasset" 852
"../../../../../Projects/FG20 Gameproject 2/Content/Unreal/StarterContent/Textures/T_Rock_Slate_D.uasset" 853
"../../../../../Projects/FG20 Gameproject 2/Content/Unreal/StarterContent/Textures/T_Rock_Slate_N.uasset" 854
"../../../../../Projects/FG20 Gameproject 2/Content/Unreal/StarterContent/Materials/M_Rock_Slate.uasset" 855
"../../../../../Projects/FG20 Gameproject 2/Content/Unreal/StarterContent/Textures/T_Checker_Noise_M.uasset" 856
"../../../../../Projects/FG20 Gameproject 2/Content/Unreal/StarterContent/Textures/T_Single_Tile_N.uasset" 857
"../../../../../Projects/FG20 Gameproject 2/Content/Unreal/StarterContent/Textures/T_Tech_Dot_M.uasset" 858
"../../../../../Projects/FG20 Gameproject 2/Content/Unreal/StarterContent/Textures/T_Tech_Dot_N.uasset" 859
"../../../../../Projects/FG20 Gameproject 2/Content/Unreal/StarterContent/Materials/M_Tech_Checker_Dot.uasset" 860
"../../../../../Projects/FG20 Gameproject 2/Content/Unreal/StarterContent/Textures/T_Tech_Hex_Tile_M.uasset" 861
"../../../../../Projects/FG20 Gameproject 2/Content/Unreal/StarterContent/Textures/T_Tech_Hex_Tile_N.uasset" 862
"../../../../../Projects/FG20 Gameproject 2/Content/Unreal/StarterContent/Materials/M_Tech_Hex_Tile.uasset" 863
"../../../../../Projects/FG20 Gameproject 2/Content/Unreal/StarterContent/Materials/M_Tech_Hex_Tile_Pulse.uasset" 864
"../../../../../Projects/FG20 Gameproject 2/Content/Unreal/StarterContent/Textures/T_Tech_Panel_M.uasset" 865
"../../../../../Projects/FG20 Gameproject 2/Content/Unreal/StarterContent/Textures/T_Tech_Panel_N.uasset" 866
"../../../../../Projects/FG20 Gameproject 2/Content/Unreal/StarterContent/Materials/M_Tech_Panel.uasset" 867
"../../../../../Projects/FG20 Gameproject 2/Content/Unreal/StarterContent/Materials/M_Water_Lake.uasset" 868
"../../../../../Projects/FG20 Gameproject 2/Content/Unreal/StarterContent/Textures/T_Water_M.uasset" 869
"../../../../../Projects/FG20 Gameproject 2/Content/Unreal/StarterContent/Materials/M_Water_Ocean.uasset" 870
"../../../Engine/Content/Functions/Engine_MaterialFunctions01/Opacity/AlphaOffset.uasset" 871
"../../../../../Projects/FG20 Gameproject 2/Content/Unreal/StarterContent/Materials/M_Wood_Floor_Walnut_Worn.uasset" 872
"../../../../../Projects/FG20 Gameproject 2/Content/Unreal/StarterContent/Textures/T_Wood_Oak_D.uasset" 873
"../../../../../Projects/FG20 Gameproject 2/Content/Unreal/StarterContent/Textures/T_Wood_Oak_N.uasset" 874
"../../../../../Projects/FG20 Gameproject 2/Content/Unreal/StarterContent/Materials/M_Wood_Oak.uasset" 875
"../../../../../Projects/FG20 Gameproject 2/Content/Unreal/StarterContent/Textures/T_Wood_Pine_D.uasset" 876
"../../../../../Projects/FG20 Gameproject 2/Content/Unreal/StarterContent/Textures/T_Wood_Pine_N.uasset" 877
"../../../../../Projects/FG20 Gameproject 2/Content/Unreal/StarterContent/Materials/M_Wood_Pine.uasset" 878
"../../../../../Projects/FG20 Gameproject 2/Content/Unreal/StarterContent/Textures/T_Wood_Walnut_D.uasset" 879
"../../../../../Projects/FG20 Gameproject 2/Content/Unreal/StarterContent/Textures/T_Wood_Walnut_N.uasset" 880
"../../../../../Projects/FG20 Gameproject 2/Content/Unreal/StarterContent/Materials/M_Wood_Walnut.uasset" 881
"../../../../../Projects/FG20 Gameproject 2/Content/Unreal/StarterContent/Architecture/Wall_400x200.uasset" 882
"../../../../../Projects/FG20 Gameproject 2/Content/Unreal/StarterContent/Architecture/Wall_Door_400x300.uasset" 883
"../../../../../Projects/FG20 Gameproject 2/Content/Unreal/StarterContent/Architecture/Wall_Window_400x300.uasset" 884
"../../../../../Projects/FG20 Gameproject 2/Content/Unreal/StarterContent/Audio/Collapse_Cue.uasset" 885
"../../../../../Projects/FG20 Gameproject 2/Content/Unreal/StarterContent/Audio/Starter_Music01.uasset" 886
"../../../../../Projects/FG20 Gameproject 2/Content/Unreal/StarterContent/Audio/Starter_Music_Cue.uasset" 887
"../../../../../Projects/FG20 Gameproject 2/Content/Unreal/StarterContent/Textures/T_Dust_Particle_D.uasset" 888
"../../../../../Projects/FG20 Gameproject 2/Content/Unreal/StarterContent/Particles/Materials/M_Dust_Particle.uasset" 889
"../../../../../Projects/FG20 Gameproject 2/Content/Unreal/StarterContent/Particles/P_Ambient_Dust.uasset" 890
"../../../../../Projects/FG20 Gameproject 2/Content/Unreal/StarterContent/Props/MaterialSphere.uasset" 891
"../../../../../Projects/FG20 Gameproject 2/Content/Unreal/StarterContent/Textures/T_Frame_M.uasset" 892
"../../../../../Projects/FG20 Gameproject 2/Content/Unreal/StarterContent/Textures/T_Frame_N.uasset" 893
"../../../../../Projects/FG20 Gameproject 2/Content/Unreal/StarterContent/Props/Materials/M_Frame.uasset" 894
"../../../../../Projects/FG20 Gameproject 2/Content/Unreal/StarterContent/Props/SM_CornerFrame.uasset" 895
"../../../../../Projects/FG20 Gameproject 2/Content/Unreal/StarterContent/Props/SM_DoorFrame.uasset" 896
"../../../../../Projects/FG20 Gameproject 2/Content/Unreal/StarterContent/Props/SM_GlassWindow.uasset" 897
"../../../../../Projects/FG20 Gameproject 2/Content/Unreal/StarterContent/Props/SM_PillarFrame.uasset" 898
"../../../../../Projects/FG20 Gameproject 2/Content/Unreal/StarterContent/Props/SM_PillarFrame300.uasset" 899
"../../../../../Projects/FG20 Gameproject 2/Content/Unreal/StarterContent/Props/SM_WindowFrame.uasset" 900
"../../../../../Projects/FG20 Gameproject 2/Content/Unreal/StarterContent/Shapes/Shape_Cube.uasset" 901
"../../../../../Projects/FG20 Gameproject 2/Content/Unreal/StarterContent/Shapes/Shape_QuadPyramid.uasset" 902
"../../../../../Projects/FG20 Gameproject 2/Content/Unreal/StarterContent/Maps/StarterMap.umap" 903
"../../../Engine/Content/Maps/Entry_BuiltData.uasset" 904
"../../../Engine/Content/Maps/Entry.umap" 905
